{"0":{"_id":"63e6701f3010dd71436cb511","address":{"area":"area3","road":"road4"},"email":"user3@aueb.gr","name":"Frank","password":"12345","phone":[{"number":"2104444444","type":"home"},{"number":"6934444444","type":"mobile"}],"products":[{"cost":10,"date":"2022-12-11T22:00:00.000Z","product":"product 1","quantity":10},{"cost":30,"date":"2022-12-11T22:00:00.000Z","product":"product 3","quantity":3},{"cost":40,"date":"2022-12-11T22:00:00.000Z","product":"product 4","quantity":4}],"surname":"Zappa","username":"user3"},"1":{"_id":"63e6701f3010dd71436cb50e","address":{"area":"area1","road":"road1"},"email":"admin1@aueb.gr","name":"Bob","password":"12345","phone":[{"number":"2101111111","type":"home"},{"number":"6931111111","type":"mobile"}],"products":[{"cost":10,"date":"2022-12-01T00:00:00.000Z","product":"product 1","quantity":2},{"cost":10,"date":"2022-05-11T21:00:00.000Z","product":"product 1","quantity":3}],"surname":"Dylan","username":"admin"},"10":{"__v":0,"_id":"6418418d4ed48812b52b5f77","createdAt":"2023-03-20T11:20:46.819Z","email":"pantel@aueb.gr","name":"pantelis","password":"123456789","phone":[{"number":"2134567123","type":"home"}],"products":[],"surname":"hatzii","updatedAt":"2023-03-20T11:20:46.819Z","username":"pantelis5"},"11":{"__v":0,"_id":"641842f151032b4b5b94bff8","address":{"area":"filola","road":"area67"},"createdAt":"2023-03-20T11:26:43.020Z","email":"xapa@aueb.gr","name":"pantelis8","password":"3456128","phone":[{"number":"2145678923","type":"home"}],"products":[],"surname":"hatz8","updatedAt":"2023-03-20T11:26:43.020Z","username":"pantelis8"},"2":{"_id":"63e6701f3010dd71436cb510","address":{"area":"area1","road":"road3"},"email":"user2@aueb.gr","name":"George","password":"12345","phone":[{"number":"2103333333","type":"home"},{"number":"6933333333","type":"mobile"}],"products":[{"cost":20,"date":"2022-10-11T21:00:00.000Z","product":"product 2","quantity":10},{"cost":20,"date":"2023-03-20T19:25:09.950Z","product":"product 2","quantity":3},{"cost":50,"date":"2022-10-11T21:00:00.000Z","product":"product 5","quantity":20}],"surname":"Harison","username":"user2"},"3":{"_id":"63e6701f3010dd71436cb513","address":{"area":"area1","road":"road1"},"email":"user5@aueb.gr","name":"Paul","password":"12345","phone":[{"number":"2106666666","type":"home"},{"number":"6936666666","type":"mobile"}],"products":[{"cost":30,"date":"2023-03-20T19:25:09.952Z","product":"product 3","quantity":10},{"cost":40,"date":"2023-03-20T19:25:09.953Z","product":"product 4","quantity":3}],"surname":"McCartney","username":"user5"},"4":{"_id":"63e6701f3010dd71436cb512","address":{"area":"area2","road":"road1"},"email":"user4@aueb.gr","name":"David","password":"12345","phone":[{"number":"2105555555","type":"home"},{"number":"6935555555","type":"mobile"}],"products":[{"cost":30,"date":"2023-03-20T19:25:09.956Z","product":"product 3","quantity":10},{"cost":40,"date":"2023-03-20T19:25:09.957Z","product":"product 4","quantity":3}],"surname":"Bowie","username":"user4"},"5":{"_id":"63e6701f3010dd71436cb50f","address":{"area":"area2","road":"road2"},"email":"user1@aueb.gr","name":"Elvis","password":"12345","phone":[{"number":"2102222222","type":"home"},{"number":"6932222222","type":"mobile"}],"products":[{"cost":10,"date":"2022-01-11T22:00:00.000Z","product":"product 1","quantity":2},{"cost":20,"date":"2022-05-11T21:00:00.000Z","product":"product 2","quantity":3},{"cost":40,"date":"2022-10-11T21:00:00.000Z","product":"product 4","quantity":10}],"surname":"Presley","updatedAt":"2023-03-12T15:52:24.699Z","username":"user1"},"6":{"__v":0,"_id":"64023fdfdc5259772ef98851","createdAt":"2023-03-03T18:43:43.446Z","email":"user@aueb.gr","name":"Lakis Lakis","password":"12345","phone":[{"number":"2109999999","type":"home"}],"products":[{"date":"2023-03-03T18:43:43.384Z"}],"surname":"Lalakis Lalakis dddddddd","updatedAt":"2023-03-06T10:53:33.325Z","username":"user8"},"7":{"__v":0,"_id":"64023ffedc5259772ef98856","createdAt":"2023-03-03T18:44:14.779Z","email":"user9@aueb.gr","name":"Lakis","password":"12345","phone":[],"products":[],"surname":"Lalakis","updatedAt":"2023-03-03T18:44:14.779Z","username":"user9"},"8":{"__v":0,"_id":"64183aed54be380592040bca","createdAt":"2023-03-20T10:52:31.100Z","email":"lakis2@aueb.gr","name":"lakis2","password":"1234567","phone":[{"number":"2123333333","type":"home"}],"products":[],"surname":"lalakis2","updatedAt":"2023-03-20T10:52:31.100Z","username":"lalakis2"},"9":{"__v":0,"_id":"64183f7beee35028f0edcddf","createdAt":"2023-03-20T11:11:56.745Z","email":"pant@aueb.gr","name":"pantelis","password":"2345678","phone":[{"number":"2134567890","type":"home"}],"products":[],"surname":"hatz","updatedAt":"2023-03-20T11:11:56.745Z","username":"pantelis3"},"level":"info","message":"Success in reading all users"}
{"level":"warn","message":"Warn in reading all users"}
{"level":"error","message":"Error in reading all users"}
{"level":"debug","message":"Debug in reading all users"}
{"0":{"_id":"63e6701f3010dd71436cb511","address":{"area":"area3","road":"road4"},"email":"user3@aueb.gr","name":"Frank","password":"12345","phone":[{"number":"2104444444","type":"home"},{"number":"6934444444","type":"mobile"}],"products":[{"cost":10,"date":"2022-12-11T22:00:00.000Z","product":"product 1","quantity":10},{"cost":30,"date":"2022-12-11T22:00:00.000Z","product":"product 3","quantity":3},{"cost":40,"date":"2022-12-11T22:00:00.000Z","product":"product 4","quantity":4}],"surname":"Zappa","username":"user3"},"1":{"_id":"63e6701f3010dd71436cb50e","address":{"area":"area1","road":"road1"},"email":"admin1@aueb.gr","name":"Bob","password":"12345","phone":[{"number":"2101111111","type":"home"},{"number":"6931111111","type":"mobile"}],"products":[{"cost":10,"date":"2022-12-01T00:00:00.000Z","product":"product 1","quantity":2},{"cost":10,"date":"2022-05-11T21:00:00.000Z","product":"product 1","quantity":3}],"surname":"Dylan","username":"admin"},"10":{"__v":0,"_id":"6418418d4ed48812b52b5f77","createdAt":"2023-03-20T11:20:46.819Z","email":"pantel@aueb.gr","name":"pantelis","password":"123456789","phone":[{"number":"2134567123","type":"home"}],"products":[],"surname":"hatzii","updatedAt":"2023-03-20T11:20:46.819Z","username":"pantelis5"},"11":{"__v":0,"_id":"641842f151032b4b5b94bff8","address":{"area":"filola","road":"area67"},"createdAt":"2023-03-20T11:26:43.020Z","email":"xapa@aueb.gr","name":"pantelis8","password":"3456128","phone":[{"number":"2145678923","type":"home"}],"products":[],"surname":"hatz8","updatedAt":"2023-03-20T11:26:43.020Z","username":"pantelis8"},"2":{"_id":"63e6701f3010dd71436cb510","address":{"area":"area1","road":"road3"},"email":"user2@aueb.gr","name":"George","password":"12345","phone":[{"number":"2103333333","type":"home"},{"number":"6933333333","type":"mobile"}],"products":[{"cost":20,"date":"2022-10-11T21:00:00.000Z","product":"product 2","quantity":10},{"cost":20,"date":"2023-03-20T19:25:27.099Z","product":"product 2","quantity":3},{"cost":50,"date":"2022-10-11T21:00:00.000Z","product":"product 5","quantity":20}],"surname":"Harison","username":"user2"},"3":{"_id":"63e6701f3010dd71436cb513","address":{"area":"area1","road":"road1"},"email":"user5@aueb.gr","name":"Paul","password":"12345","phone":[{"number":"2106666666","type":"home"},{"number":"6936666666","type":"mobile"}],"products":[{"cost":30,"date":"2023-03-20T19:25:27.100Z","product":"product 3","quantity":10},{"cost":40,"date":"2023-03-20T19:25:27.101Z","product":"product 4","quantity":3}],"surname":"McCartney","username":"user5"},"4":{"_id":"63e6701f3010dd71436cb512","address":{"area":"area2","road":"road1"},"email":"user4@aueb.gr","name":"David","password":"12345","phone":[{"number":"2105555555","type":"home"},{"number":"6935555555","type":"mobile"}],"products":[{"cost":30,"date":"2023-03-20T19:25:27.104Z","product":"product 3","quantity":10},{"cost":40,"date":"2023-03-20T19:25:27.105Z","product":"product 4","quantity":3}],"surname":"Bowie","username":"user4"},"5":{"_id":"63e6701f3010dd71436cb50f","address":{"area":"area2","road":"road2"},"email":"user1@aueb.gr","name":"Elvis","password":"12345","phone":[{"number":"2102222222","type":"home"},{"number":"6932222222","type":"mobile"}],"products":[{"cost":10,"date":"2022-01-11T22:00:00.000Z","product":"product 1","quantity":2},{"cost":20,"date":"2022-05-11T21:00:00.000Z","product":"product 2","quantity":3},{"cost":40,"date":"2022-10-11T21:00:00.000Z","product":"product 4","quantity":10}],"surname":"Presley","updatedAt":"2023-03-12T15:52:24.699Z","username":"user1"},"6":{"__v":0,"_id":"64023fdfdc5259772ef98851","createdAt":"2023-03-03T18:43:43.446Z","email":"user@aueb.gr","name":"Lakis Lakis","password":"12345","phone":[{"number":"2109999999","type":"home"}],"products":[{"date":"2023-03-03T18:43:43.384Z"}],"surname":"Lalakis Lalakis dddddddd","updatedAt":"2023-03-06T10:53:33.325Z","username":"user8"},"7":{"__v":0,"_id":"64023ffedc5259772ef98856","createdAt":"2023-03-03T18:44:14.779Z","email":"user9@aueb.gr","name":"Lakis","password":"12345","phone":[],"products":[],"surname":"Lalakis","updatedAt":"2023-03-03T18:44:14.779Z","username":"user9"},"8":{"__v":0,"_id":"64183aed54be380592040bca","createdAt":"2023-03-20T10:52:31.100Z","email":"lakis2@aueb.gr","name":"lakis2","password":"1234567","phone":[{"number":"2123333333","type":"home"}],"products":[],"surname":"lalakis2","updatedAt":"2023-03-20T10:52:31.100Z","username":"lalakis2"},"9":{"__v":0,"_id":"64183f7beee35028f0edcddf","createdAt":"2023-03-20T11:11:56.745Z","email":"pant@aueb.gr","name":"pantelis","password":"2345678","phone":[{"number":"2134567890","type":"home"}],"products":[],"surname":"hatz","updatedAt":"2023-03-20T11:11:56.745Z","username":"pantelis3"},"level":"info","message":"Success in reading all users"}
{"level":"warn","message":"Warn in reading all users"}
{"level":"error","message":"Error in reading all users"}
{"level":"debug","message":"Debug in reading all users"}
{
  message: 'Error in reading all users',
  level: 'error',
  label: 'winston custom format',
  timestamp: '20-03-2023 22:02:20'
}
{
  message: 'Error in reading all users',
  level: 'error',
  label: 'winston custom format',
  timestamp: '22-03-2023 18:40:00'
}
{"label":"winston custom format","level":"error","message":"Error in reading all users","timestamp":"22-03-2023 18:43:31"}
{"label":"winston custom format","level":"error","message":"Error in reading all users","timestamp":"22-03-2023 18:47:41"}
{"label":"winston custom format","level":"error","message":"Error in reading all users","timestamp":"22-03-2023 18:48:49"}
{"label":"winston custom format","level":"error","message":"Error in reading all users","timestamp":"29-03-2023 20:28:48"}
{"label":"winston custom format","level":"error","message":"Error in reading all users","timestamp":"29-03-2023 20:32:08"}
{"label":"winston custom format","level":"error","message":"Error in reading all users","timestamp":"29-03-2023 20:37:18"}
{"label":"winston custom format","level":"error","message":"Error in reading all users","timestamp":"29-03-2023 20:37:19"}
{"label":"winston custom format","level":"error","message":"Error in reading all users","timestamp":"29-03-2023 20:37:32"}
{"label":"winston custom format","level":"error","message":"Error in reading all users","timestamp":"29-03-2023 20:37:33"}
{"label":"winston custom format","level":"error","message":"Error in reading all users","timestamp":"29-03-2023 20:37:57"}
{"label":"winston custom format","level":"error","message":"Error in reading all users","timestamp":"29-03-2023 20:38:28"}
{"label":"winston custom format","level":"error","message":"Error in reading all users","timestamp":"29-03-2023 20:38:37"}
{"label":"winston custom format","level":"error","message":"Error in reading all users","timestamp":"29-03-2023 20:39:32"}
{"label":"winston custom format","level":"error","message":"Error in reading all users","timestamp":"29-03-2023 20:39:38"}
{"label":"winston custom format","level":"error","message":"Error in reading all users","timestamp":"29-03-2023 20:40:24"}
{"label":"winston custom format","level":"error","message":"Error in reading all users","timestamp":"29-03-2023 20:40:47"}
{"label":"winston custom format","level":"error","message":"Error in reading all users","timestamp":"29-03-2023 20:40:49"}
{"label":"winston custom format","level":"error","message":"Error in reading all users","timestamp":"29-03-2023 20:41:52"}
{"label":"winston custom format","level":"error","message":"Error in reading all users","timestamp":"29-03-2023 20:41:53"}
{"label":"winston custom format","level":"error","message":"Error in reading all users","timestamp":"29-03-2023 20:42:21"}
{"label":"winston custom format","level":"error","message":"Error in reading all users","timestamp":"29-03-2023 20:42:45"}
{"label":"winston custom format","level":"error","message":"Error in reading all users","timestamp":"29-03-2023 20:42:52"}
{"label":"winston custom format","level":"error","message":"Error in reading all users","timestamp":"29-03-2023 20:47:59"}
{"label":"winston custom format","level":"error","message":"Error in reading all users","timestamp":"29-03-2023 20:48:48"}
{"label":"winston custom format","level":"error","message":"Error in reading all users","timestamp":"29-03-2023 20:48:48"}
{"label":"winston custom format","level":"error","message":"Error in reading all users","timestamp":"29-03-2023 20:49:00"}
{"label":"winston custom format","level":"error","message":"Error in reading all users","timestamp":"29-03-2023 20:49:25"}
{"label":"winston custom format","level":"error","message":"Error in reading all users","timestamp":"29-03-2023 20:49:25"}
{"label":"winston custom format","level":"error","message":"Error in reading all users","timestamp":"29-03-2023 20:49:32"}
{"label":"winston custom format","level":"error","message":"Error in reading all users","timestamp":"29-03-2023 20:49:35"}
{"label":"winston custom format","level":"error","message":"Error in reading all users","timestamp":"29-03-2023 20:49:37"}
{"label":"winston custom format","level":"error","message":"Error in reading all users","timestamp":"29-03-2023 20:49:39"}
{"label":"winston custom format","level":"error","message":"Error in reading all users","timestamp":"29-03-2023 20:49:41"}
{"label":"winston custom format","level":"error","message":"Error in reading all users","timestamp":"29-03-2023 20:50:07"}
{"label":"winston custom format","level":"error","message":"Error in reading all users","timestamp":"29-03-2023 20:50:07"}
{"label":"winston custom format","level":"error","message":"Error in reading all users","timestamp":"29-03-2023 20:50:36"}
{"label":"winston custom format","level":"error","message":"Error in reading all users","timestamp":"29-03-2023 20:50:43"}
{"label":"winston custom format","level":"error","message":"Error in reading all users","timestamp":"29-03-2023 21:04:53"}
{"label":"winston custom format","level":"error","message":"Error in reading all users","timestamp":"29-03-2023 21:04:54"}
{"label":"winston custom format","level":"error","message":"Error in reading all users","timestamp":"29-03-2023 21:07:47"}
{"label":"winston custom format","level":"error","message":"Error in reading all users","timestamp":"29-03-2023 21:08:01"}
{"label":"winston custom format","level":"error","message":"Error in reading all users","timestamp":"29-03-2023 21:10:47"}
{"label":"winston custom format","level":"error","message":"Error in reading all users","timestamp":"29-03-2023 21:10:47"}
{"label":"winston custom format","level":"error","message":"Error in reading all users","timestamp":"29-03-2023 21:11:11"}
{"label":"winston custom format","level":"error","message":"Error in reading all users","timestamp":"29-03-2023 21:11:28"}
{"label":"winston custom format","level":"error","message":"Error in reading all users","timestamp":"29-03-2023 21:11:37"}
{"label":"winston custom format","level":"error","message":"Error in reading all users","timestamp":"29-03-2023 21:12:15"}
{"label":"winston custom format","level":"error","message":"Error in reading all users","timestamp":"29-03-2023 21:12:15"}
{"label":"winston custom format","level":"error","message":"Error in reading all users","timestamp":"29-03-2023 21:12:15"}
{"label":"winston custom format","level":"error","message":"Error in reading all users","timestamp":"29-03-2023 21:12:22"}
{"label":"winston custom format","level":"error","message":"Error in reading all users","timestamp":"30-03-2023 13:51:40"}
{"label":"winston custom format","level":"error","message":"Error in reading all users","timestamp":"30-03-2023 13:56:25"}
{"label":"winston custom format","level":"error","message":"Error in reading all users","timestamp":"30-03-2023 14:04:31"}
{"label":"winston custom format","level":"error","message":"Error in reading all users","timestamp":"30-03-2023 14:05:44"}
{"label":"winston custom format","level":"error","message":"Error in reading all users","timestamp":"30-03-2023 14:05:45"}
{"label":"winston custom format","level":"error","message":"Error in reading all users","timestamp":"30-03-2023 14:05:55"}
{"label":"winston custom format","level":"error","message":"Error in reading all users","timestamp":"30-03-2023 14:44:21"}
{"label":"winston custom format","level":"error","message":"Error in reading all users","timestamp":"30-03-2023 14:53:10"}
{"label":"winston custom format","level":"error","message":"Error in reading all users","timestamp":"30-03-2023 14:54:28"}
{"label":"winston custom format","level":"error","message":"Error in reading all users","timestamp":"30-03-2023 14:55:46"}
{"label":"winston custom format","level":"error","message":"Error in reading all users","timestamp":"30-03-2023 14:58:27"}
{"label":"winston custom format","level":"error","message":"Error in reading all users","timestamp":"30-03-2023 14:58:32"}
{"label":"winston custom format","level":"error","message":"Error in reading all users","timestamp":"30-03-2023 14:58:41"}
{"label":"winston custom format","level":"error","message":"Error in reading all users","timestamp":"30-03-2023 15:04:27"}
{"label":"winston custom format","level":"error","message":"Error in reading all users","timestamp":"30-03-2023 15:05:28"}
{"label":"winston custom format","level":"error","message":"Error in reading all users","timestamp":"30-03-2023 15:09:09"}
{"label":"winston custom format","level":"error","message":"Error in reading all users","timestamp":"30-03-2023 15:09:10"}
{"label":"winston custom format","level":"error","message":"Error in reading all users","timestamp":"30-03-2023 15:17:20"}
{"label":"winston custom format","level":"error","message":"Error in reading all users","timestamp":"30-03-2023 15:18:33"}
{"label":"winston custom format","level":"error","message":"Error in reading all users","timestamp":"30-03-2023 15:30:06"}
{"label":"winston custom format","level":"error","message":"Error in reading all users","timestamp":"30-03-2023 15:30:33"}
{"label":"winston custom format","level":"error","message":"Error in reading all users","timestamp":"30-03-2023 16:02:46"}
{"label":"winston custom format","level":"error","message":"Error in reading all users","timestamp":"30-03-2023 16:36:51"}
{"label":"winston custom format","level":"error","message":"Error in reading all users","timestamp":"30-03-2023 16:57:18"}
{"label":"winston custom format","level":"error","message":"Error in reading all users","timestamp":"30-03-2023 17:05:18"}
{"label":"winston custom format","level":"error","message":"Error in reading all users","timestamp":"30-03-2023 17:05:40"}
{"label":"winston custom format","level":"error","message":"Error in reading all users","timestamp":"30-03-2023 17:14:28"}
{"label":"winston custom format","level":"error","message":"Error in reading all users","timestamp":"30-03-2023 17:14:50"}
{"label":"winston custom format","level":"error","message":"Error in reading all users","timestamp":"30-03-2023 17:15:23"}
{"label":"winston custom format","level":"error","message":"Error in reading all users","timestamp":"30-03-2023 17:15:33"}
{"label":"winston custom format","level":"error","message":"Error in reading all users","timestamp":"30-03-2023 17:15:43"}
{"label":"winston custom format","level":"error","message":"Error in reading all users","timestamp":"30-03-2023 17:15:56"}
{"label":"winston custom format","level":"error","message":"Error in reading all users","timestamp":"30-03-2023 17:16:04"}
{"label":"winston custom format","level":"error","message":"Error in reading all users","timestamp":"30-03-2023 17:16:15"}
{"label":"winston custom format","level":"error","message":"Error in reading all users","timestamp":"30-03-2023 17:16:28"}
{"label":"winston custom format","level":"error","message":"Error in reading all users","timestamp":"30-03-2023 17:16:39"}
{"label":"winston custom format","level":"error","message":"Error in reading all users","timestamp":"30-03-2023 17:16:48"}
{"label":"winston custom format","level":"error","message":"Error in reading all users","timestamp":"30-03-2023 17:16:56"}
{"label":"winston custom format","level":"error","message":"Error in reading all users","timestamp":"30-03-2023 17:17:06"}
{"label":"winston custom format","level":"error","message":"Error in reading all users","timestamp":"30-03-2023 17:17:18"}
{"label":"winston custom format","level":"error","message":"Error in reading all users","timestamp":"30-03-2023 17:27:57"}
{"label":"winston custom format","level":"error","message":"Error in reading all users","timestamp":"30-03-2023 17:40:38"}
{"label":"winston custom format","level":"error","message":"Error in reading all users","timestamp":"30-03-2023 17:43:29"}
{"label":"winston custom format","level":"error","message":"Error in reading all users","timestamp":"30-03-2023 17:51:07"}
{"label":"winston custom format","level":"error","message":"Error in reading all users","timestamp":"30-03-2023 17:53:10"}
{"label":"winston custom format","level":"error","message":"Error in reading all users","timestamp":"30-03-2023 17:55:07"}
{"label":"winston custom format","level":"error","message":"Error in reading all users","timestamp":"30-03-2023 17:55:38"}
{"label":"winston custom format","level":"error","message":"Error in reading all users","timestamp":"30-03-2023 17:56:13"}
{"label":"winston custom format","level":"error","message":"Error in reading all users","timestamp":"30-03-2023 17:56:16"}
{"label":"winston custom format","level":"error","message":"Error in reading all users","timestamp":"30-03-2023 17:57:15"}
{"label":"winston custom format","level":"error","message":"Error in reading all users","timestamp":"30-03-2023 17:57:25"}
{"label":"winston custom format","level":"error","message":"Error in reading all users","timestamp":"30-03-2023 17:57:48"}
{"label":"winston custom format","level":"error","message":"Error in reading all users","timestamp":"30-03-2023 17:58:05"}
{"label":"winston custom format","level":"error","message":"Error in reading all users","timestamp":"30-03-2023 17:58:21"}
{"label":"winston custom format","level":"error","message":"Error in reading all users","timestamp":"30-03-2023 17:58:43"}
{"label":"winston custom format","level":"error","message":"Error in reading all users","timestamp":"30-03-2023 17:59:24"}
{"label":"winston custom format","level":"error","message":"Error in reading all users","timestamp":"30-03-2023 17:59:42"}
{"label":"winston custom format","level":"error","message":"Error in reading all users","timestamp":"30-03-2023 18:00:05"}
{"label":"winston custom format","level":"error","message":"Error in reading all users","timestamp":"30-03-2023 18:00:25"}
{"label":"winston custom format","level":"error","message":"Error in reading all users","timestamp":"30-03-2023 18:00:39"}
{"label":"winston custom format","level":"error","message":"Error in reading all users","timestamp":"30-03-2023 18:01:27"}
{"label":"winston custom format","level":"error","message":"Error in reading all users","timestamp":"30-03-2023 18:01:44"}
{"label":"winston custom format","level":"error","message":"Error in reading all users","timestamp":"30-03-2023 18:01:57"}
{"label":"winston custom format","level":"error","message":"Error in reading all users","timestamp":"30-03-2023 18:02:21"}
{"label":"winston custom format","level":"error","message":"Error in reading all users","timestamp":"30-03-2023 18:02:34"}
{"label":"winston custom format","level":"error","message":"Error in reading all users","timestamp":"30-03-2023 18:03:32"}
{"label":"winston custom format","level":"error","message":"Error in reading all users","timestamp":"30-03-2023 18:03:46"}
{"label":"winston custom format","level":"error","message":"Error in reading all users","timestamp":"30-03-2023 18:03:56"}
{"label":"winston custom format","level":"error","message":"Error in reading all users","timestamp":"30-03-2023 18:04:05"}
{"label":"winston custom format","level":"error","message":"Error in reading all users","timestamp":"30-03-2023 18:06:10"}
{"label":"winston custom format","level":"error","message":"Error in reading all users","timestamp":"30-03-2023 18:07:16"}
{"label":"winston custom format","level":"error","message":"Error in reading all users","timestamp":"30-03-2023 18:08:55"}
{"label":"winston custom format","level":"error","message":"Error in reading all users","timestamp":"30-03-2023 18:09:11"}
{"label":"winston custom format","level":"error","message":"Error in reading all users","timestamp":"31-03-2023 02:00:42"}
{"label":"winston custom format","level":"error","message":"Error in reading all users","timestamp":"31-03-2023 02:01:21"}
{"label":"winston custom format","level":"error","message":"Error in reading all users","timestamp":"07-04-2023 00:03:39"}
{"label":"winston custom format","level":"error","message":"Error in reading all users","timestamp":"07-04-2023 00:04:00"}
{"label":"winston custom format","level":"error","message":"Error in reading all users","timestamp":"07-04-2023 00:08:08"}
{"label":"winston custom format","level":"error","message":"Error in reading all users","timestamp":"09-04-2023 00:28:22"}
{"label":"winston custom format","level":"error","message":"Error in reading all users","timestamp":"17-04-2023 14:46:52"}
{"label":"winston custom format","level":"error","message":"Error in reading all users","timestamp":"17-04-2023 14:51:15"}
{"label":"winston custom format","level":"error","message":"Error in reading all users","timestamp":"17-04-2023 14:58:11"}
{"label":"winston custom format","level":"error","message":"Error in reading all users","timestamp":"17-04-2023 15:15:16"}
{"label":"winston custom format","level":"error","message":"Error in reading all users","timestamp":"17-04-2023 17:58:33"}
{"label":"winston custom format","level":"error","message":"Error in reading all users","timestamp":"17-04-2023 17:58:42"}
{"label":"winston custom format","level":"error","message":"Error in reading all users","timestamp":"17-04-2023 18:07:31"}
{"label":"winston custom format","level":"error","message":"Error in reading all users","timestamp":"17-04-2023 18:08:16"}
{"label":"winston custom format","level":"error","message":"Error in reading all users","timestamp":"17-04-2023 18:53:41"}
{"label":"winston custom format","level":"error","message":"Error in reading all users","timestamp":"17-04-2023 18:54:04"}
{"label":"winston custom format","level":"error","message":"Error in reading all users","timestamp":"17-04-2023 18:56:14"}
{"label":"winston custom format","level":"error","message":"Error in reading all users","timestamp":"17-04-2023 18:56:44"}
{"label":"winston custom format","level":"error","message":"Error in reading all users","timestamp":"17-04-2023 18:56:53"}
{"label":"winston custom format","level":"error","message":"Error in reading all users","timestamp":"17-04-2023 18:57:01"}
{"label":"winston custom format","level":"error","message":"Error in reading all users","timestamp":"17-04-2023 18:57:10"}
{"label":"winston custom format","level":"error","message":"Error in reading all users","timestamp":"17-04-2023 18:57:18"}
{"label":"winston custom format","level":"error","message":"Error in reading all users","timestamp":"17-04-2023 18:57:27"}
{"label":"winston custom format","level":"error","message":"Error in reading all users","timestamp":"17-04-2023 18:57:41"}
{"label":"winston custom format","level":"error","message":"Error in reading all users","timestamp":"17-04-2023 18:57:52"}
{"label":"winston custom format","level":"error","message":"Error in reading all users","timestamp":"17-04-2023 18:57:57"}
{"label":"winston custom format","level":"error","message":"Error in reading all users","timestamp":"17-04-2023 18:58:09"}
{"label":"winston custom format","level":"error","message":"Error in reading all users","timestamp":"17-04-2023 18:58:41"}
{"label":"winston custom format","level":"error","message":"Error in reading all users","timestamp":"17-04-2023 18:58:48"}
{"label":"winston custom format","level":"error","message":"Error in reading all users","timestamp":"17-04-2023 18:59:12"}
{"label":"winston custom format","level":"error","message":"Error in reading all users","timestamp":"17-04-2023 19:00:14"}
{"label":"winston custom format","level":"error","message":"Error in reading all users","timestamp":"17-04-2023 19:00:27"}
{"label":"winston custom format","level":"error","message":"Error in reading all users","timestamp":"17-04-2023 19:01:01"}
{"label":"winston custom format","level":"error","message":"Error in reading all users","timestamp":"17-04-2023 19:03:49"}
{"label":"winston custom format","level":"error","message":"Error in reading all users","timestamp":"17-04-2023 19:04:36"}
{"label":"winston custom format","level":"error","message":"Error in reading all users","timestamp":"17-04-2023 20:39:20"}
{"label":"winston custom format","level":"error","message":"Error in reading all users","timestamp":"18-04-2023 16:41:15"}
{"label":"winston custom format","level":"error","message":"Error in reading all users","timestamp":"18-04-2023 16:41:30"}
{"label":"winston custom format","level":"error","message":"Error in reading all users","timestamp":"18-04-2023 16:41:45"}
{"label":"winston custom format","level":"error","message":"Error in reading all users","timestamp":"18-04-2023 16:42:38"}
{"label":"winston custom format","level":"error","message":"Error in reading all users","timestamp":"18-04-2023 16:42:47"}
{"label":"winston custom format","level":"error","message":"Error in reading all users","timestamp":"18-04-2023 16:42:50"}
{"label":"winston custom format","level":"error","message":"Error in reading all users","timestamp":"18-04-2023 16:43:19"}
{"label":"winston custom format","level":"error","message":"Error in reading all users","timestamp":"18-04-2023 16:43:23"}
{"label":"winston custom format","level":"error","message":"Error in reading all users","timestamp":"18-04-2023 16:43:47"}
{"label":"winston custom format","level":"error","message":"Error in reading all users","timestamp":"18-04-2023 16:43:59"}
{"label":"winston custom format","level":"error","message":"Error in reading all users","timestamp":"18-04-2023 16:45:26"}
{"label":"winston custom format","level":"error","message":"Error in reading all users","timestamp":"18-04-2023 16:45:36"}
{"label":"winston custom format","level":"error","message":"Error in reading all users","timestamp":"18-04-2023 16:48:20"}
{"label":"winston custom format","level":"error","message":"Error in reading all users","timestamp":"18-04-2023 16:48:33"}
{"label":"winston custom format","level":"error","message":"Error in reading all users","timestamp":"18-04-2023 16:48:44"}
{"label":"winston custom format","level":"error","message":"Error in reading all users","timestamp":"18-04-2023 16:49:23"}
{"label":"winston custom format","level":"error","message":"Error in reading all users","timestamp":"18-04-2023 16:53:39"}
{"label":"winston custom format","level":"error","message":"Error in reading all users","timestamp":"18-04-2023 16:58:35"}
{"label":"winston custom format","level":"error","message":"Error in reading all users","timestamp":"18-04-2023 16:59:03"}
{"label":"winston custom format","level":"error","message":"Error in reading all users","timestamp":"18-04-2023 16:59:49"}
{"label":"winston custom format","level":"error","message":"Error in reading all users","timestamp":"18-04-2023 16:59:52"}
{"label":"winston custom format","level":"error","message":"Error in reading all users","timestamp":"18-04-2023 17:00:06"}
{"label":"winston custom format","level":"error","message":"Error in reading all users","timestamp":"18-04-2023 17:11:04"}
{"label":"winston custom format","level":"error","message":"Error in reading all users","timestamp":"18-04-2023 17:11:12"}
{"label":"winston custom format","level":"error","message":"Error in reading all users","timestamp":"18-04-2023 17:11:55"}
{"label":"winston custom format","level":"error","message":"Error in reading all users","timestamp":"18-04-2023 17:12:12"}
{"label":"winston custom format","level":"error","message":"Error in reading all users","timestamp":"18-04-2023 17:12:50"}
{"label":"winston custom format","level":"error","message":"Error in reading all users","timestamp":"18-04-2023 17:12:56"}
{"label":"winston custom format","level":"error","message":"Error in reading all users","timestamp":"18-04-2023 17:13:21"}
{"label":"winston custom format","level":"error","message":"Error in reading all users","timestamp":"18-04-2023 17:14:17"}
{"label":"winston custom format","level":"error","message":"Error in reading all users","timestamp":"18-04-2023 17:14:20"}
{"label":"winston custom format","level":"error","message":"Error in reading all users","timestamp":"18-04-2023 17:14:32"}
{"label":"winston custom format","level":"error","message":"Error in reading all users","timestamp":"18-04-2023 17:14:48"}
{"label":"winston custom format","level":"error","message":"Error in reading all users","timestamp":"18-04-2023 17:18:33"}
{"label":"winston custom format","level":"error","message":"Error in reading all users","timestamp":"18-04-2023 17:18:54"}
{"label":"winston custom format","level":"error","message":"Error in reading all users","timestamp":"18-04-2023 17:19:27"}
{"label":"winston custom format","level":"error","message":"Error in reading all users","timestamp":"18-04-2023 17:20:08"}
{"label":"winston custom format","level":"error","message":"Error in reading all users","timestamp":"18-04-2023 17:21:43"}
{"label":"winston custom format","level":"error","message":"Error in reading all users","timestamp":"18-04-2023 17:21:54"}
{"label":"winston custom format","level":"error","message":"Error in reading all users","timestamp":"18-04-2023 17:22:10"}
{"label":"winston custom format","level":"error","message":"Error in reading all users","timestamp":"18-04-2023 17:22:12"}
{"label":"winston custom format","level":"error","message":"Error in reading all users","timestamp":"18-04-2023 17:22:55"}
{"label":"winston custom format","level":"error","message":"Error in reading all users","timestamp":"18-04-2023 17:24:16"}
{"label":"winston custom format","level":"error","message":"Error in reading all users","timestamp":"18-04-2023 17:26:18"}
{"label":"winston custom format","level":"error","message":"Error in reading all users","timestamp":"18-04-2023 17:26:23"}
{"label":"winston custom format","level":"error","message":"Error in reading all users","timestamp":"18-04-2023 17:26:23"}
{"label":"winston custom format","level":"error","message":"Error in reading all users","timestamp":"18-04-2023 17:27:23"}
{"label":"winston custom format","level":"error","message":"Error in reading all users","timestamp":"18-04-2023 17:28:16"}
{"label":"winston custom format","level":"error","message":"Error in reading all users","timestamp":"18-04-2023 17:28:36"}
{"label":"winston custom format","level":"error","message":"Error in reading all users","timestamp":"18-04-2023 17:28:44"}
{"label":"winston custom format","level":"error","message":"Error in reading all users","timestamp":"18-04-2023 17:29:17"}
{"label":"winston custom format","level":"error","message":"Error in reading all users","timestamp":"18-04-2023 17:32:08"}
{"label":"winston custom format","level":"error","message":"Error in reading all users","timestamp":"18-04-2023 17:33:30"}
{"label":"winston custom format","level":"error","message":"Error in reading all users","timestamp":"18-04-2023 17:35:46"}
{"label":"winston custom format","level":"error","message":"Error in reading all users","timestamp":"18-04-2023 17:40:23"}
{"label":"winston custom format","level":"error","message":"Error in reading all users","timestamp":"18-04-2023 17:41:44"}
{"label":"winston custom format","level":"error","message":"Error in reading all users","timestamp":"18-04-2023 17:42:23"}
{"label":"winston custom format","level":"error","message":"Error in reading all users","timestamp":"18-04-2023 17:44:24"}
{"label":"winston custom format","level":"error","message":"Error in reading all users","timestamp":"18-04-2023 17:44:29"}
{"label":"winston custom format","level":"error","message":"Error in reading all users","timestamp":"18-04-2023 17:44:45"}
{"label":"winston custom format","level":"error","message":"Error in reading all users","timestamp":"18-04-2023 17:49:16"}
{"label":"winston custom format","level":"error","message":"Error in reading all users","timestamp":"18-04-2023 17:49:20"}
{"label":"winston custom format","level":"error","message":"Error in reading all users","timestamp":"18-04-2023 17:50:22"}
{"label":"winston custom format","level":"error","message":"Error in reading all users","timestamp":"18-04-2023 17:55:26"}
{"label":"winston custom format","level":"error","message":"Error in reading all users","timestamp":"18-04-2023 17:55:30"}
{"label":"winston custom format","level":"error","message":"Error in reading all users","timestamp":"18-04-2023 17:55:45"}
{"label":"winston custom format","level":"error","message":"Error in reading all users","timestamp":"18-04-2023 17:56:48"}
{"label":"winston custom format","level":"error","message":"Error in reading all users","timestamp":"18-04-2023 17:58:06"}
{"label":"winston custom format","level":"error","message":"Error in reading all users","timestamp":"18-04-2023 18:00:01"}
{"label":"winston custom format","level":"error","message":"Error in reading all users","timestamp":"18-04-2023 18:03:22"}
{"label":"winston custom format","level":"error","message":"Error in reading all users","timestamp":"18-04-2023 18:03:26"}
{"label":"winston custom format","level":"error","message":"Error in reading all users","timestamp":"18-04-2023 18:04:22"}
{"label":"winston custom format","level":"error","message":"Error in reading all users","timestamp":"18-04-2023 18:07:18"}
{"label":"winston custom format","level":"error","message":"Error in reading all users","timestamp":"18-04-2023 18:07:22"}
{"label":"winston custom format","level":"error","message":"Error in reading all users","timestamp":"18-04-2023 18:07:25"}
{"label":"winston custom format","level":"error","message":"Error in reading all users","timestamp":"18-04-2023 18:08:40"}
{"label":"winston custom format","level":"error","message":"Error in reading all users","timestamp":"18-04-2023 18:09:00"}
{"label":"winston custom format","level":"error","message":"Error in reading all users","timestamp":"18-04-2023 18:09:43"}
{"label":"winston custom format","level":"error","message":"Error in reading all users","timestamp":"18-04-2023 18:10:24"}
{"label":"winston custom format","level":"error","message":"Error in reading all users","timestamp":"18-04-2023 18:10:27"}
{"label":"winston custom format","level":"error","message":"Error in reading all users","timestamp":"18-04-2023 18:10:43"}
{"label":"winston custom format","level":"error","message":"Error in reading all users","timestamp":"18-04-2023 18:13:31"}
{"label":"winston custom format","level":"error","message":"Error in reading all users","timestamp":"18-04-2023 18:13:55"}
{"label":"winston custom format","level":"error","message":"Error in reading all users","timestamp":"18-04-2023 18:14:35"}
{"label":"winston custom format","level":"error","message":"Error in reading all users","timestamp":"18-04-2023 18:18:12"}
{"label":"winston custom format","level":"error","message":"Error in reading all users","timestamp":"18-04-2023 18:18:43"}
{"label":"winston custom format","level":"error","message":"Error in reading all users","timestamp":"18-04-2023 18:20:19"}
{"label":"winston custom format","level":"error","message":"Error in reading all users","timestamp":"18-04-2023 18:20:22"}
{"label":"winston custom format","level":"error","message":"Error in reading all users","timestamp":"18-04-2023 18:20:58"}
{"label":"winston custom format","level":"error","message":"Error in reading all users","timestamp":"18-04-2023 18:22:00"}
{"label":"winston custom format","level":"error","message":"Error in reading all users","timestamp":"18-04-2023 18:22:44"}
{"label":"winston custom format","level":"error","message":"Error in reading all users","timestamp":"18-04-2023 18:23:36"}
{"label":"winston custom format","level":"error","message":"Error in reading all users","timestamp":"18-04-2023 18:23:40"}
{"label":"winston custom format","level":"error","message":"Error in reading all users","timestamp":"18-04-2023 18:23:45"}
{"label":"winston custom format","level":"error","message":"Error in reading all users","timestamp":"18-04-2023 18:24:04"}
{"label":"winston custom format","level":"error","message":"Error in reading all users","timestamp":"18-04-2023 18:24:50"}
{"label":"winston custom format","level":"error","message":"Error in reading all users","timestamp":"18-04-2023 18:25:14"}
{"label":"winston custom format","level":"error","message":"Error in reading all users","timestamp":"18-04-2023 18:27:46"}
{"label":"winston custom format","level":"error","message":"Error in reading all users","timestamp":"18-04-2023 18:29:55"}
{"label":"winston custom format","level":"error","message":"Error in reading all users","timestamp":"18-04-2023 18:30:12"}
{"label":"winston custom format","level":"error","message":"Error in reading all users","timestamp":"18-04-2023 18:31:07"}
{"label":"winston custom format","level":"error","message":"Error in reading all users","timestamp":"18-04-2023 18:32:28"}
{"label":"winston custom format","level":"error","message":"Error in reading all users","timestamp":"18-04-2023 18:33:08"}
{"label":"winston custom format","level":"error","message":"Error in reading all users","timestamp":"18-04-2023 18:33:39"}
{"label":"winston custom format","level":"error","message":"Error in reading all users","timestamp":"18-04-2023 18:34:02"}
{"label":"winston custom format","level":"error","message":"Error in reading all users","timestamp":"18-04-2023 18:34:45"}
{"label":"winston custom format","level":"error","message":"Error in reading all users","timestamp":"18-04-2023 18:36:06"}
{"label":"winston custom format","level":"error","message":"Error in reading all users","timestamp":"18-04-2023 18:37:52"}
{"label":"winston custom format","level":"error","message":"Error in reading all users","timestamp":"18-04-2023 18:45:16"}
{"label":"winston custom format","level":"error","message":"Error in reading all users","timestamp":"18-04-2023 18:49:21"}
{"label":"winston custom format","level":"error","message":"Error in reading all users","timestamp":"18-04-2023 18:49:30"}
{"label":"winston custom format","level":"error","message":"Error in reading all users","timestamp":"18-04-2023 18:50:22"}
{"label":"winston custom format","level":"error","message":"Error in reading all users","timestamp":"18-04-2023 18:50:26"}
{"label":"winston custom format","level":"error","message":"Error in reading all users","timestamp":"18-04-2023 18:50:27"}
{"label":"winston custom format","level":"error","message":"Error in reading all users","timestamp":"18-04-2023 18:50:54"}
{"label":"winston custom format","level":"error","message":"Error in reading all users","timestamp":"18-04-2023 18:52:25"}
{"label":"winston custom format","level":"error","message":"Error in reading all users","timestamp":"18-04-2023 18:52:50"}
{"label":"winston custom format","level":"error","message":"Error in reading all users","timestamp":"18-04-2023 19:02:26"}
{"label":"winston custom format","level":"error","message":"Error in reading all users","timestamp":"18-04-2023 19:03:20"}
{"label":"winston custom format","level":"error","message":"Error in reading all users","timestamp":"18-04-2023 19:03:49"}
{"label":"winston custom format","level":"error","message":"Error in reading all users","timestamp":"18-04-2023 19:04:13"}
{"label":"winston custom format","level":"error","message":"Error in reading all users","timestamp":"18-04-2023 19:05:02"}
{"label":"winston custom format","level":"error","message":"Error in reading all users","timestamp":"18-04-2023 19:06:18"}
{"label":"winston custom format","level":"error","message":"Error in reading all users","timestamp":"18-04-2023 19:06:23"}
{"label":"winston custom format","level":"error","message":"Error in reading all users","timestamp":"18-04-2023 19:06:25"}
{"label":"winston custom format","level":"error","message":"Error in reading all users","timestamp":"18-04-2023 19:06:52"}
{"label":"winston custom format","level":"error","message":"Error in reading all users","timestamp":"18-04-2023 19:07:02"}
{"label":"winston custom format","level":"error","message":"Error in reading all users","timestamp":"18-04-2023 19:07:34"}
{"label":"winston custom format","level":"error","message":"Error in reading all users","timestamp":"18-04-2023 19:07:37"}
{"label":"winston custom format","level":"error","message":"Error in reading all users","timestamp":"18-04-2023 19:07:46"}
{"label":"winston custom format","level":"error","message":"Error in reading all users","timestamp":"18-04-2023 19:07:51"}
{"label":"winston custom format","level":"error","message":"Error in reading all users","timestamp":"18-04-2023 19:07:51"}
{"label":"winston custom format","level":"error","message":"Error in reading all users","timestamp":"18-04-2023 19:08:23"}
{"label":"winston custom format","level":"error","message":"Error in reading all users","timestamp":"18-04-2023 19:09:03"}
{"label":"winston custom format","level":"error","message":"Error in reading all users","timestamp":"18-04-2023 19:09:28"}
{"label":"winston custom format","level":"error","message":"Error in reading all users","timestamp":"18-04-2023 19:09:34"}
{"label":"winston custom format","level":"error","message":"Error in reading all users","timestamp":"18-04-2023 19:09:34"}
{"label":"winston custom format","level":"error","message":"Error in reading all users","timestamp":"18-04-2023 19:09:44"}
{"label":"winston custom format","level":"error","message":"Error in reading all users","timestamp":"18-04-2023 19:09:48"}
{"label":"winston custom format","level":"error","message":"Error in reading all users","timestamp":"18-04-2023 19:09:50"}
{"label":"winston custom format","level":"error","message":"Error in reading all users","timestamp":"18-04-2023 19:10:21"}
{"label":"winston custom format","level":"error","message":"Error in reading all users","timestamp":"18-04-2023 19:10:42"}
{"label":"winston custom format","level":"error","message":"Error in reading all users","timestamp":"18-04-2023 19:10:46"}
{"label":"winston custom format","level":"error","message":"Error in reading all users","timestamp":"18-04-2023 19:10:49"}
{"label":"winston custom format","level":"error","message":"Error in reading all users","timestamp":"18-04-2023 20:49:34"}
{"label":"winston custom format","level":"error","message":"Error in reading all users","timestamp":"18-04-2023 20:50:00"}
{"label":"winston custom format","level":"error","message":"Error in reading all users","timestamp":"18-04-2023 20:50:59"}
{"label":"winston custom format","level":"error","message":"Error in reading all users","timestamp":"18-04-2023 20:51:34"}
{"label":"winston custom format","level":"error","message":"Error in reading all users","timestamp":"18-04-2023 20:55:30"}
{"label":"winston custom format","level":"error","message":"Error in reading all users","timestamp":"18-04-2023 20:55:34"}
{"label":"winston custom format","level":"error","message":"Error in reading all users","timestamp":"18-04-2023 20:55:42"}
{"label":"winston custom format","level":"error","message":"Error in reading all users","timestamp":"18-04-2023 20:56:18"}
{"label":"winston custom format","level":"error","message":"Error in reading all users","timestamp":"18-04-2023 21:03:51"}
{"label":"winston custom format","level":"error","message":"Error in reading all users","timestamp":"18-04-2023 21:07:25"}
{"label":"winston custom format","level":"error","message":"Error in reading all users","timestamp":"18-04-2023 21:07:48"}
{"label":"winston custom format","level":"error","message":"Error in reading all users","timestamp":"18-04-2023 21:08:15"}
{"label":"winston custom format","level":"error","message":"Error in reading all users","timestamp":"18-04-2023 21:12:07"}
{"label":"winston custom format","level":"error","message":"Error in reading all users","timestamp":"18-04-2023 21:13:00"}
{"label":"winston custom format","level":"error","message":"Error in reading all users","timestamp":"18-04-2023 21:13:04"}
{"label":"winston custom format","level":"error","message":"Error in reading all users","timestamp":"18-04-2023 21:13:27"}
{"label":"winston custom format","level":"error","message":"Error in reading all users","timestamp":"18-04-2023 21:14:29"}
{"label":"winston custom format","level":"error","message":"Error in reading all users","timestamp":"18-04-2023 21:14:50"}
{"label":"winston custom format","level":"error","message":"Error in reading all users","timestamp":"18-04-2023 21:15:23"}
{"label":"winston custom format","level":"error","message":"Error in reading all users","timestamp":"18-04-2023 21:15:27"}
{"label":"winston custom format","level":"error","message":"Error in reading all users","timestamp":"18-04-2023 21:16:51"}
{"label":"winston custom format","level":"error","message":"Error in reading all users","timestamp":"18-04-2023 21:16:53"}
{"label":"winston custom format","level":"error","message":"Error in reading all users","timestamp":"18-04-2023 21:17:15"}
{"label":"winston custom format","level":"error","message":"Error in reading all users","timestamp":"18-04-2023 21:17:16"}
{"label":"winston custom format","level":"error","message":"Error in reading all users","timestamp":"18-04-2023 21:17:41"}
{"label":"winston custom format","level":"error","message":"Error in reading all users","timestamp":"18-04-2023 21:18:10"}
{"label":"winston custom format","level":"error","message":"Error in reading all users","timestamp":"18-04-2023 21:18:12"}
{"label":"winston custom format","level":"error","message":"Error in reading all users","timestamp":"18-04-2023 21:18:39"}
{"label":"winston custom format","level":"error","message":"Error in reading all users","timestamp":"18-04-2023 21:18:44"}
{"label":"winston custom format","level":"error","message":"Error in reading all users","timestamp":"18-04-2023 21:18:46"}
{"label":"winston custom format","level":"error","message":"Error in reading all users","timestamp":"18-04-2023 21:18:47"}
{"label":"winston custom format","level":"error","message":"Error in reading all users","timestamp":"18-04-2023 21:28:11"}
{"label":"winston custom format","level":"error","message":"Error in reading all users","timestamp":"18-04-2023 21:28:14"}
{"label":"winston custom format","level":"error","message":"Error in reading all users","timestamp":"18-04-2023 21:45:04"}
{"label":"winston custom format","level":"error","message":"Error in reading all users","timestamp":"18-04-2023 21:45:40"}
{"label":"winston custom format","level":"error","message":"Error in reading all users","timestamp":"18-04-2023 21:45:42"}
{"label":"winston custom format","level":"error","message":"Error in reading all users","timestamp":"18-04-2023 21:46:24"}
{"label":"winston custom format","level":"error","message":"Error in reading all users","timestamp":"18-04-2023 21:47:49"}
{"label":"winston custom format","level":"error","message":"Error in reading all users","timestamp":"18-04-2023 21:47:57"}
{"label":"winston custom format","level":"error","message":"Error in reading all users","timestamp":"18-04-2023 21:48:25"}
{"label":"winston custom format","level":"error","message":"Error in reading all users","timestamp":"18-04-2023 21:50:53"}
{"label":"winston custom format","level":"error","message":"Error in reading all users","timestamp":"18-04-2023 21:52:26"}
{"label":"winston custom format","level":"error","message":"Error in reading all users","timestamp":"18-04-2023 21:52:29"}
{"label":"winston custom format","level":"error","message":"Error in reading all users","timestamp":"18-04-2023 22:01:58"}
{"label":"winston custom format","level":"error","message":"Error in reading all users","timestamp":"18-04-2023 22:02:02"}
{"label":"winston custom format","level":"error","message":"Error in reading all users","timestamp":"18-04-2023 22:04:20"}
{"label":"winston custom format","level":"error","message":"Error in reading all users","timestamp":"18-04-2023 22:04:48"}
{"label":"winston custom format","level":"error","message":"Error in reading all users","timestamp":"18-04-2023 22:07:45"}
{"label":"winston custom format","level":"error","message":"Error in reading all users","timestamp":"18-04-2023 22:07:49"}
{"label":"winston custom format","level":"error","message":"Error in reading all users","timestamp":"18-04-2023 22:08:23"}
{"label":"winston custom format","level":"error","message":"Error in reading all users","timestamp":"18-04-2023 22:09:02"}
{"label":"winston custom format","level":"error","message":"Error in reading all users","timestamp":"18-04-2023 22:09:40"}
{"label":"winston custom format","level":"error","message":"Error in reading all users","timestamp":"18-04-2023 22:13:59"}
{"label":"winston custom format","level":"error","message":"Error in reading all users","timestamp":"18-04-2023 22:14:02"}
{"label":"winston custom format","level":"error","message":"Error in reading all users","timestamp":"18-04-2023 22:14:11"}
{"label":"winston custom format","level":"error","message":"Error in reading all users","timestamp":"18-04-2023 22:15:01"}
{"label":"winston custom format","level":"error","message":"Error in reading all users","timestamp":"18-04-2023 22:18:57"}
{"label":"winston custom format","level":"error","message":"Error in reading all users","timestamp":"18-04-2023 22:19:01"}
{"label":"winston custom format","level":"error","message":"Error in reading all users","timestamp":"18-04-2023 22:23:27"}
{"label":"winston custom format","level":"error","message":"Error in reading all users","timestamp":"18-04-2023 22:25:39"}
{"label":"winston custom format","level":"error","message":"Error in reading all users","timestamp":"18-04-2023 22:25:43"}
{"label":"winston custom format","level":"error","message":"Error in reading all users","timestamp":"18-04-2023 22:31:35"}
{"label":"winston custom format","level":"error","message":"Error in reading all users","timestamp":"18-04-2023 22:31:38"}
{"label":"winston custom format","level":"error","message":"Error in reading all users","timestamp":"18-04-2023 22:36:02"}
{"label":"winston custom format","level":"error","message":"Error in reading all users","timestamp":"18-04-2023 22:36:44"}
{"label":"winston custom format","level":"error","message":"Error in reading all users","timestamp":"18-04-2023 22:38:18"}
{"label":"winston custom format","level":"error","message":"Error in reading all users","timestamp":"18-04-2023 22:38:22"}
{"label":"winston custom format","level":"error","message":"Error in reading all users","timestamp":"18-04-2023 22:40:43"}
{"label":"winston custom format","level":"error","message":"Error in reading all users","timestamp":"18-04-2023 22:45:29"}
{"label":"winston custom format","level":"error","message":"Error in reading all users","timestamp":"18-04-2023 22:46:33"}
{"label":"winston custom format","level":"error","message":"Error in reading all users","timestamp":"18-04-2023 22:50:28"}
{"label":"winston custom format","level":"error","message":"Error in reading all users","timestamp":"18-04-2023 22:50:34"}
{"label":"winston custom format","level":"error","message":"Error in reading all users","timestamp":"18-04-2023 22:51:11"}
{"label":"winston custom format","level":"error","message":"Error in reading all users","timestamp":"18-04-2023 22:52:51"}
{"label":"winston custom format","level":"error","message":"Error in reading all users","timestamp":"18-04-2023 22:53:24"}
{"label":"winston custom format","level":"error","message":"Error in reading all users","timestamp":"18-04-2023 22:53:26"}
{"label":"winston custom format","level":"error","message":"Error in reading all users","timestamp":"18-04-2023 22:53:27"}
{"label":"winston custom format","level":"error","message":"Error in reading all users","timestamp":"18-04-2023 22:53:27"}
{"label":"winston custom format","level":"error","message":"Error in reading all users","timestamp":"18-04-2023 22:53:29"}
{"label":"winston custom format","level":"error","message":"Error in reading all users","timestamp":"18-04-2023 22:54:40"}
{"label":"winston custom format","level":"error","message":"Error in reading all users","timestamp":"18-04-2023 22:56:57"}
{"label":"winston custom format","level":"error","message":"Error in reading all users","timestamp":"18-04-2023 22:59:04"}
{"label":"winston custom format","level":"error","message":"Error in reading all users","timestamp":"18-04-2023 22:59:31"}
{"label":"winston custom format","level":"error","message":"Error in reading all users","timestamp":"18-04-2023 23:02:38"}
{"label":"winston custom format","level":"error","message":"Error in reading all users","timestamp":"18-04-2023 23:02:45"}
{"label":"winston custom format","level":"error","message":"Error in reading all users","timestamp":"18-04-2023 23:07:03"}
{"label":"winston custom format","level":"error","message":"Error in reading all users","timestamp":"18-04-2023 23:07:20"}
{"label":"winston custom format","level":"error","message":"Error in reading all users","timestamp":"18-04-2023 23:07:26"}
{"label":"winston custom format","level":"error","message":"Error in reading all users","timestamp":"18-04-2023 23:08:43"}
{"label":"winston custom format","level":"error","message":"Error in reading all users","timestamp":"18-04-2023 23:10:30"}
{"label":"winston custom format","level":"error","message":"Error in reading all users","timestamp":"18-04-2023 23:13:13"}
{"label":"winston custom format","level":"error","message":"Error in reading all users","timestamp":"18-04-2023 23:14:30"}
{"label":"winston custom format","level":"error","message":"Error in reading all users","timestamp":"18-04-2023 23:14:34"}
{"label":"winston custom format","level":"error","message":"Error in reading all users","timestamp":"18-04-2023 23:14:34"}
{"label":"winston custom format","level":"error","message":"Error in reading all users","timestamp":"18-04-2023 23:14:35"}
{"label":"winston custom format","level":"error","message":"Error in reading all users","timestamp":"18-04-2023 23:14:35"}
{"label":"winston custom format","level":"error","message":"Error in reading all users","timestamp":"18-04-2023 23:14:36"}
{"label":"winston custom format","level":"error","message":"Error in reading all users","timestamp":"18-04-2023 23:14:36"}
{"label":"winston custom format","level":"error","message":"Error in reading all users","timestamp":"18-04-2023 23:15:37"}
{"label":"winston custom format","level":"error","message":"Error in reading all users","timestamp":"18-04-2023 23:15:40"}
{"label":"winston custom format","level":"error","message":"Error in reading all users","timestamp":"18-04-2023 23:16:11"}
{"label":"winston custom format","level":"error","message":"Error in reading all users","timestamp":"19-04-2023 13:38:02"}
{"label":"winston custom format","level":"error","message":"Error in reading all users","timestamp":"19-04-2023 13:38:03"}
{"label":"winston custom format","level":"error","message":"Error in reading all users","timestamp":"19-04-2023 13:40:18"}
{"label":"winston custom format","level":"error","message":"Error in reading all users","timestamp":"19-04-2023 13:40:18"}
{"label":"winston custom format","level":"error","message":"Error in reading all users","timestamp":"19-04-2023 14:00:19"}
{"label":"winston custom format","level":"error","message":"Error in reading all users","timestamp":"19-04-2023 14:30:20"}
{"label":"winston custom format","level":"error","message":"Error in reading all users","timestamp":"19-04-2023 14:30:20"}
{"label":"winston custom format","level":"error","message":"Error in reading all users","timestamp":"19-04-2023 14:30:21"}
{"label":"winston custom format","level":"error","message":"Error in reading all users","timestamp":"19-04-2023 14:30:21"}
{"label":"winston custom format","level":"error","message":"Error in reading all users","timestamp":"19-04-2023 14:30:21"}
{"label":"winston custom format","level":"error","message":"Error in reading all users","timestamp":"19-04-2023 14:30:22"}
{"label":"winston custom format","level":"error","message":"Error in reading all users","timestamp":"19-04-2023 14:30:22"}
{"label":"winston custom format","level":"error","message":"Error in reading all users","timestamp":"19-04-2023 14:30:23"}
{"label":"winston custom format","level":"error","message":"Error in reading all users","timestamp":"19-04-2023 14:30:23"}
{"label":"winston custom format","level":"error","message":"Error in reading all users","timestamp":"19-04-2023 14:30:23"}
{"label":"winston custom format","level":"error","message":"Error in reading all users","timestamp":"19-04-2023 14:30:24"}
{"label":"winston custom format","level":"error","message":"Error in reading all users","timestamp":"19-04-2023 14:30:24"}
{"label":"winston custom format","level":"error","message":"Error in reading all users","timestamp":"19-04-2023 14:30:25"}
{"label":"winston custom format","level":"error","message":"Error in reading all users","timestamp":"19-04-2023 14:30:25"}
{"label":"winston custom format","level":"error","message":"Error in reading all users","timestamp":"19-04-2023 14:30:26"}
{"label":"winston custom format","level":"error","message":"Error in reading all users","timestamp":"19-04-2023 14:30:26"}
{"label":"winston custom format","level":"error","message":"Error in reading all users","timestamp":"19-04-2023 14:30:26"}
{"label":"winston custom format","level":"error","message":"Error in reading all users","timestamp":"19-04-2023 14:30:27"}
{"label":"winston custom format","level":"error","message":"Error in reading all users","timestamp":"19-04-2023 14:30:27"}
{"label":"winston custom format","level":"error","message":"Error in reading all users","timestamp":"19-04-2023 14:30:28"}
{"label":"winston custom format","level":"error","message":"Error in reading all users","timestamp":"19-04-2023 14:30:28"}
{"label":"winston custom format","level":"error","message":"Error in reading all users","timestamp":"19-04-2023 14:30:29"}
{"label":"winston custom format","level":"error","message":"Error in reading all users","timestamp":"19-04-2023 14:30:29"}
{"label":"winston custom format","level":"error","message":"Error in reading all users","timestamp":"19-04-2023 14:30:29"}
{"label":"winston custom format","level":"error","message":"Error in reading all users","timestamp":"19-04-2023 14:30:30"}
{"label":"winston custom format","level":"error","message":"Error in reading all users","timestamp":"19-04-2023 14:30:30"}
{"label":"winston custom format","level":"error","message":"Error in reading all users","timestamp":"19-04-2023 14:30:31"}
{"label":"winston custom format","level":"error","message":"Error in reading all users","timestamp":"19-04-2023 14:30:31"}
{"label":"winston custom format","level":"error","message":"Error in reading all users","timestamp":"19-04-2023 14:30:31"}
{"label":"winston custom format","level":"error","message":"Error in reading all users","timestamp":"19-04-2023 14:30:32"}
{"label":"winston custom format","level":"error","message":"Error in reading all users","timestamp":"19-04-2023 14:30:32"}
{"label":"winston custom format","level":"error","message":"Error in reading all users","timestamp":"19-04-2023 14:30:33"}
{"label":"winston custom format","level":"error","message":"Error in reading all users","timestamp":"19-04-2023 14:30:33"}
{"label":"winston custom format","level":"error","message":"Error in reading all users","timestamp":"19-04-2023 14:30:33"}
{"label":"winston custom format","level":"error","message":"Error in reading all users","timestamp":"19-04-2023 14:30:34"}
{"label":"winston custom format","level":"error","message":"Error in reading all users","timestamp":"19-04-2023 14:30:34"}
{"label":"winston custom format","level":"error","message":"Error in reading all users","timestamp":"19-04-2023 14:30:35"}
{"label":"winston custom format","level":"error","message":"Error in reading all users","timestamp":"19-04-2023 14:30:35"}
{"label":"winston custom format","level":"error","message":"Error in reading all users","timestamp":"19-04-2023 14:30:35"}
{"label":"winston custom format","level":"error","message":"Error in reading all users","timestamp":"19-04-2023 14:30:36"}
{"label":"winston custom format","level":"error","message":"Error in reading all users","timestamp":"19-04-2023 14:30:36"}
{"label":"winston custom format","level":"error","message":"Error in reading all users","timestamp":"19-04-2023 14:30:37"}
{"label":"winston custom format","level":"error","message":"Error in reading all users","timestamp":"19-04-2023 14:30:37"}
{"label":"winston custom format","level":"error","message":"Error in reading all users","timestamp":"19-04-2023 14:30:37"}
{"label":"winston custom format","level":"error","message":"Error in reading all users","timestamp":"19-04-2023 14:30:38"}
{"label":"winston custom format","level":"error","message":"Error in reading all users","timestamp":"19-04-2023 14:30:38"}
{"label":"winston custom format","level":"error","message":"Error in reading all users","timestamp":"19-04-2023 14:30:39"}
{"label":"winston custom format","level":"error","message":"Error in reading all users","timestamp":"19-04-2023 14:30:39"}
{"label":"winston custom format","level":"error","message":"Error in reading all users","timestamp":"19-04-2023 14:30:39"}
{"label":"winston custom format","level":"error","message":"Error in reading all users","timestamp":"19-04-2023 14:30:40"}
{"label":"winston custom format","level":"error","message":"Error in reading all users","timestamp":"19-04-2023 14:30:40"}
{"label":"winston custom format","level":"error","message":"Error in reading all users","timestamp":"19-04-2023 14:30:41"}
{"label":"winston custom format","level":"error","message":"Error in reading all users","timestamp":"19-04-2023 14:30:41"}
{"label":"winston custom format","level":"error","message":"Error in reading all users","timestamp":"19-04-2023 14:30:42"}
{"label":"winston custom format","level":"error","message":"Error in reading all users","timestamp":"19-04-2023 14:30:42"}
{"label":"winston custom format","level":"error","message":"Error in reading all users","timestamp":"19-04-2023 14:30:42"}
{"label":"winston custom format","level":"error","message":"Error in reading all users","timestamp":"19-04-2023 14:30:43"}
{"label":"winston custom format","level":"error","message":"Error in reading all users","timestamp":"19-04-2023 14:30:43"}
{"label":"winston custom format","level":"error","message":"Error in reading all users","timestamp":"19-04-2023 14:30:44"}
{"label":"winston custom format","level":"error","message":"Error in reading all users","timestamp":"19-04-2023 14:30:44"}
{"label":"winston custom format","level":"error","message":"Error in reading all users","timestamp":"19-04-2023 14:30:44"}
{"label":"winston custom format","level":"error","message":"Error in reading all users","timestamp":"19-04-2023 14:30:45"}
{"label":"winston custom format","level":"error","message":"Error in reading all users","timestamp":"19-04-2023 14:30:45"}
{"label":"winston custom format","level":"error","message":"Error in reading all users","timestamp":"19-04-2023 14:30:46"}
{"label":"winston custom format","level":"error","message":"Error in reading all users","timestamp":"19-04-2023 14:30:46"}
{"label":"winston custom format","level":"error","message":"Error in reading all users","timestamp":"19-04-2023 14:30:46"}
{"label":"winston custom format","level":"error","message":"Error in reading all users","timestamp":"19-04-2023 14:30:47"}
{"label":"winston custom format","level":"error","message":"Error in reading all users","timestamp":"19-04-2023 14:30:47"}
{"label":"winston custom format","level":"error","message":"Error in reading all users","timestamp":"19-04-2023 14:30:48"}
{"label":"winston custom format","level":"error","message":"Error in reading all users","timestamp":"19-04-2023 14:30:48"}
{"label":"winston custom format","level":"error","message":"Error in reading all users","timestamp":"19-04-2023 14:30:49"}
{"label":"winston custom format","level":"error","message":"Error in reading all users","timestamp":"19-04-2023 14:30:49"}
{"label":"winston custom format","level":"error","message":"Error in reading all users","timestamp":"19-04-2023 14:30:49"}
{"label":"winston custom format","level":"error","message":"Error in reading all users","timestamp":"19-04-2023 14:30:50"}
{"label":"winston custom format","level":"error","message":"Error in reading all users","timestamp":"19-04-2023 14:30:50"}
{"label":"winston custom format","level":"error","message":"Error in reading all users","timestamp":"19-04-2023 14:30:51"}
{"label":"winston custom format","level":"error","message":"Error in reading all users","timestamp":"19-04-2023 14:30:51"}
{"label":"winston custom format","level":"error","message":"Error in reading all users","timestamp":"19-04-2023 14:30:51"}
{"label":"winston custom format","level":"error","message":"Error in reading all users","timestamp":"19-04-2023 14:30:52"}
{"label":"winston custom format","level":"error","message":"Error in reading all users","timestamp":"19-04-2023 14:30:52"}
{"label":"winston custom format","level":"error","message":"Error in reading all users","timestamp":"19-04-2023 14:30:53"}
{"label":"winston custom format","level":"error","message":"Error in reading all users","timestamp":"19-04-2023 14:30:53"}
{"label":"winston custom format","level":"error","message":"Error in reading all users","timestamp":"19-04-2023 14:30:53"}
{"label":"winston custom format","level":"error","message":"Error in reading all users","timestamp":"19-04-2023 14:30:54"}
{"label":"winston custom format","level":"error","message":"Error in reading all users","timestamp":"19-04-2023 14:30:54"}
{"label":"winston custom format","level":"error","message":"Error in reading all users","timestamp":"19-04-2023 14:30:55"}
{"label":"winston custom format","level":"error","message":"Error in reading all users","timestamp":"19-04-2023 14:30:55"}
{"label":"winston custom format","level":"error","message":"Error in reading all users","timestamp":"19-04-2023 14:30:56"}
{"label":"winston custom format","level":"error","message":"Error in reading all users","timestamp":"19-04-2023 14:30:56"}
{"label":"winston custom format","level":"error","message":"Error in reading all users","timestamp":"19-04-2023 14:30:56"}
{"label":"winston custom format","level":"error","message":"Error in reading all users","timestamp":"19-04-2023 14:30:57"}
{"label":"winston custom format","level":"error","message":"Error in reading all users","timestamp":"19-04-2023 14:30:57"}
{"label":"winston custom format","level":"error","message":"Error in reading all users","timestamp":"19-04-2023 14:30:58"}
{"label":"winston custom format","level":"error","message":"Error in reading all users","timestamp":"19-04-2023 14:30:58"}
{"label":"winston custom format","level":"error","message":"Error in reading all users","timestamp":"19-04-2023 14:30:58"}
{"label":"winston custom format","level":"error","message":"Error in reading all users","timestamp":"19-04-2023 14:30:59"}
{"label":"winston custom format","level":"error","message":"Error in reading all users","timestamp":"19-04-2023 14:30:59"}
{"label":"winston custom format","level":"error","message":"Error in reading all users","timestamp":"19-04-2023 14:31:00"}
{"label":"winston custom format","level":"error","message":"Error in reading all users","timestamp":"19-04-2023 14:31:00"}
{"label":"winston custom format","level":"error","message":"Error in reading all users","timestamp":"19-04-2023 14:31:00"}
{"label":"winston custom format","level":"error","message":"Error in reading all users","timestamp":"19-04-2023 14:31:01"}
{"label":"winston custom format","level":"error","message":"Error in reading all users","timestamp":"19-04-2023 14:31:01"}
{"label":"winston custom format","level":"error","message":"Error in reading all users","timestamp":"19-04-2023 14:31:02"}
{"label":"winston custom format","level":"error","message":"Error in reading all users","timestamp":"19-04-2023 14:31:02"}
{"label":"winston custom format","level":"error","message":"Error in reading all users","timestamp":"19-04-2023 14:31:02"}
{"label":"winston custom format","level":"error","message":"Error in reading all users","timestamp":"19-04-2023 14:31:03"}
{"label":"winston custom format","level":"error","message":"Error in reading all users","timestamp":"19-04-2023 14:31:03"}
{"label":"winston custom format","level":"error","message":"Error in reading all users","timestamp":"19-04-2023 14:31:04"}
{"label":"winston custom format","level":"error","message":"Error in reading all users","timestamp":"19-04-2023 14:31:04"}
{"label":"winston custom format","level":"error","message":"Error in reading all users","timestamp":"19-04-2023 14:31:05"}
{"label":"winston custom format","level":"error","message":"Error in reading all users","timestamp":"19-04-2023 14:31:05"}
{"label":"winston custom format","level":"error","message":"Error in reading all users","timestamp":"19-04-2023 14:31:05"}
{"label":"winston custom format","level":"error","message":"Error in reading all users","timestamp":"19-04-2023 14:31:06"}
{"label":"winston custom format","level":"error","message":"Error in reading all users","timestamp":"19-04-2023 14:31:06"}
{"label":"winston custom format","level":"error","message":"Error in reading all users","timestamp":"19-04-2023 14:31:07"}
{"label":"winston custom format","level":"error","message":"Error in reading all users","timestamp":"19-04-2023 14:31:07"}
{"label":"winston custom format","level":"error","message":"Error in reading all users","timestamp":"19-04-2023 14:31:07"}
{"label":"winston custom format","level":"error","message":"Error in reading all users","timestamp":"19-04-2023 14:31:08"}
{"label":"winston custom format","level":"error","message":"Error in reading all users","timestamp":"19-04-2023 14:31:08"}
{"label":"winston custom format","level":"error","message":"Error in reading all users","timestamp":"19-04-2023 14:31:09"}
{"label":"winston custom format","level":"error","message":"Error in reading all users","timestamp":"19-04-2023 14:31:09"}
{"label":"winston custom format","level":"error","message":"Error in reading all users","timestamp":"19-04-2023 14:31:09"}
{"label":"winston custom format","level":"error","message":"Error in reading all users","timestamp":"19-04-2023 14:31:10"}
{"label":"winston custom format","level":"error","message":"Error in reading all users","timestamp":"19-04-2023 14:31:10"}
{"label":"winston custom format","level":"error","message":"Error in reading all users","timestamp":"19-04-2023 14:31:11"}
{"label":"winston custom format","level":"error","message":"Error in reading all users","timestamp":"19-04-2023 14:31:11"}
{"label":"winston custom format","level":"error","message":"Error in reading all users","timestamp":"19-04-2023 14:31:11"}
{"label":"winston custom format","level":"error","message":"Error in reading all users","timestamp":"19-04-2023 14:31:12"}
{"label":"winston custom format","level":"error","message":"Error in reading all users","timestamp":"19-04-2023 14:31:12"}
{"label":"winston custom format","level":"error","message":"Error in reading all users","timestamp":"19-04-2023 14:31:13"}
{"label":"winston custom format","level":"error","message":"Error in reading all users","timestamp":"19-04-2023 14:31:13"}
{"label":"winston custom format","level":"error","message":"Error in reading all users","timestamp":"19-04-2023 14:31:13"}
{"label":"winston custom format","level":"error","message":"Error in reading all users","timestamp":"19-04-2023 14:31:14"}
{"label":"winston custom format","level":"error","message":"Error in reading all users","timestamp":"19-04-2023 14:31:14"}
{"label":"winston custom format","level":"error","message":"Error in reading all users","timestamp":"19-04-2023 14:31:15"}
{"label":"winston custom format","level":"error","message":"Error in reading all users","timestamp":"19-04-2023 14:31:15"}
{"label":"winston custom format","level":"error","message":"Error in reading all users","timestamp":"19-04-2023 14:31:15"}
{"label":"winston custom format","level":"error","message":"Error in reading all users","timestamp":"19-04-2023 14:31:16"}
{"label":"winston custom format","level":"error","message":"Error in reading all users","timestamp":"19-04-2023 14:31:16"}
{"label":"winston custom format","level":"error","message":"Error in reading all users","timestamp":"19-04-2023 14:31:17"}
{"label":"winston custom format","level":"error","message":"Error in reading all users","timestamp":"19-04-2023 14:31:17"}
{"label":"winston custom format","level":"error","message":"Error in reading all users","timestamp":"19-04-2023 14:31:17"}
{"label":"winston custom format","level":"error","message":"Error in reading all users","timestamp":"19-04-2023 14:31:18"}
{"label":"winston custom format","level":"error","message":"Error in reading all users","timestamp":"19-04-2023 14:31:18"}
{"label":"winston custom format","level":"error","message":"Error in reading all users","timestamp":"19-04-2023 14:31:19"}
{"label":"winston custom format","level":"error","message":"Error in reading all users","timestamp":"19-04-2023 14:31:19"}
{"label":"winston custom format","level":"error","message":"Error in reading all users","timestamp":"19-04-2023 14:31:20"}
{"label":"winston custom format","level":"error","message":"Error in reading all users","timestamp":"19-04-2023 14:31:20"}
{"label":"winston custom format","level":"error","message":"Error in reading all users","timestamp":"19-04-2023 14:31:20"}
{"label":"winston custom format","level":"error","message":"Error in reading all users","timestamp":"19-04-2023 14:31:21"}
{"label":"winston custom format","level":"error","message":"Error in reading all users","timestamp":"19-04-2023 14:31:21"}
{"label":"winston custom format","level":"error","message":"Error in reading all users","timestamp":"19-04-2023 14:31:22"}
{"label":"winston custom format","level":"error","message":"Error in reading all users","timestamp":"19-04-2023 14:31:22"}
{"label":"winston custom format","level":"error","message":"Error in reading all users","timestamp":"19-04-2023 14:31:22"}
{"label":"winston custom format","level":"error","message":"Error in reading all users","timestamp":"19-04-2023 14:31:23"}
{"label":"winston custom format","level":"error","message":"Error in reading all users","timestamp":"19-04-2023 14:31:23"}
{"label":"winston custom format","level":"error","message":"Error in reading all users","timestamp":"19-04-2023 14:31:24"}
{"label":"winston custom format","level":"error","message":"Error in reading all users","timestamp":"19-04-2023 14:31:24"}
{"label":"winston custom format","level":"error","message":"Error in reading all users","timestamp":"19-04-2023 14:31:24"}
{"label":"winston custom format","level":"error","message":"Error in reading all users","timestamp":"19-04-2023 14:31:25"}
{"label":"winston custom format","level":"error","message":"Error in reading all users","timestamp":"19-04-2023 14:31:25"}
{"label":"winston custom format","level":"error","message":"Error in reading all users","timestamp":"19-04-2023 14:31:26"}
{"label":"winston custom format","level":"error","message":"Error in reading all users","timestamp":"19-04-2023 14:31:26"}
{"label":"winston custom format","level":"error","message":"Error in reading all users","timestamp":"19-04-2023 14:31:26"}
{"label":"winston custom format","level":"error","message":"Error in reading all users","timestamp":"19-04-2023 14:31:27"}
{"label":"winston custom format","level":"error","message":"Error in reading all users","timestamp":"19-04-2023 14:31:27"}
{"label":"winston custom format","level":"error","message":"Error in reading all users","timestamp":"19-04-2023 14:31:28"}
{"label":"winston custom format","level":"error","message":"Error in reading all users","timestamp":"19-04-2023 14:31:28"}
{"label":"winston custom format","level":"error","message":"Error in reading all users","timestamp":"19-04-2023 14:31:28"}
{"label":"winston custom format","level":"error","message":"Error in reading all users","timestamp":"19-04-2023 14:31:29"}
{"label":"winston custom format","level":"error","message":"Error in reading all users","timestamp":"19-04-2023 14:31:29"}
{"label":"winston custom format","level":"error","message":"Error in reading all users","timestamp":"19-04-2023 14:31:30"}
{"label":"winston custom format","level":"error","message":"Error in reading all users","timestamp":"19-04-2023 14:31:30"}
{"label":"winston custom format","level":"error","message":"Error in reading all users","timestamp":"19-04-2023 14:31:30"}
{"label":"winston custom format","level":"error","message":"Error in reading all users","timestamp":"19-04-2023 14:31:31"}
{"label":"winston custom format","level":"error","message":"Error in reading all users","timestamp":"19-04-2023 14:31:31"}
{"label":"winston custom format","level":"error","message":"Error in reading all users","timestamp":"19-04-2023 14:41:32"}
{"label":"winston custom format","level":"error","message":"Error in reading all users","timestamp":"25-04-2023 23:02:44"}
{"label":"winston custom format","level":"error","message":"Error in reading all users","timestamp":"25-04-2023 23:03:28"}
{"label":"winston custom format","level":"error","message":"Error in reading all users","timestamp":"25-04-2023 23:10:23"}
{"label":"winston custom format","level":"error","message":"Error in reading all users","timestamp":"25-04-2023 23:10:38"}
{"label":"winston custom format","level":"error","message":"Error in reading all users","timestamp":"25-04-2023 23:20:39"}
{"label":"winston custom format","level":"error","message":"Error in reading all users","timestamp":"25-04-2023 23:21:04"}
{"label":"winston custom format","level":"error","message":"Error in reading all users","timestamp":"25-04-2023 23:21:39"}
{"label":"winston custom format","level":"error","message":"Error in reading all users","timestamp":"25-04-2023 23:23:03"}
{"label":"winston custom format","level":"error","message":"Error in reading all users","timestamp":"25-04-2023 23:23:12"}
{"label":"winston custom format","level":"error","message":"Error in reading all users","timestamp":"25-04-2023 23:25:52"}
{"label":"winston custom format","level":"error","message":"Error in reading all users","timestamp":"25-04-2023 23:26:07"}
{"label":"winston custom format","level":"error","message":"Error in reading all users","timestamp":"25-04-2023 23:35:12"}
{"label":"winston custom format","level":"error","message":"Error in reading all users","timestamp":"25-04-2023 23:37:29"}
{"label":"winston custom format","level":"error","message":"Error in reading all users","timestamp":"25-04-2023 23:38:44"}
{"label":"winston custom format","level":"error","message":"Error in reading all users","timestamp":"25-04-2023 23:38:54"}
{"label":"winston custom format","level":"error","message":"Error in reading all users","timestamp":"26-04-2023 15:36:11"}
{"label":"winston custom format","level":"error","message":"Error in reading all users","timestamp":"26-04-2023 20:47:25"}
{"label":"winston custom format","level":"error","message":"Error in reading all users","timestamp":"26-04-2023 20:47:26"}
{"label":"winston custom format","level":"error","message":"Error in reading all users","timestamp":"28-04-2023 01:36:21"}
{"label":"winston custom format","level":"error","message":"Error in reading all users","timestamp":"28-04-2023 01:36:34"}
{"label":"winston custom format","level":"error","message":"Error in reading all users","timestamp":"05-05-2023 15:21:37"}
{"label":"winston custom format","level":"error","message":"Error in reading all users","timestamp":"05-05-2023 15:22:38"}
{"label":"winston custom format","level":"error","message":"Error in reading all users","timestamp":"05-05-2023 15:23:29"}
{"label":"winston custom format","level":"error","message":"Error in reading all users","timestamp":"05-05-2023 15:25:04"}
{"label":"winston custom format","level":"error","message":"Error in reading all users","timestamp":"05-05-2023 15:41:59"}
{"label":"winston custom format","level":"error","message":"Error in reading all users","timestamp":"05-05-2023 15:42:29"}
{"label":"winston custom format","level":"error","message":"Error in reading all users","timestamp":"05-05-2023 15:54:14"}
{"label":"winston custom format","level":"error","message":"Error in reading all users","timestamp":"05-05-2023 15:59:24"}
{"label":"winston custom format","level":"error","message":"Error in reading all users","timestamp":"05-05-2023 15:59:37"}
{"label":"winston custom format","level":"error","message":"Error in reading all users","timestamp":"05-05-2023 16:00:20"}
{"label":"winston custom format","level":"error","message":"Error in reading all users","timestamp":"05-05-2023 16:14:50"}
{"label":"winston custom format","level":"error","message":"Error in reading all users","timestamp":"05-05-2023 16:15:15"}
{"label":"winston custom format","level":"error","message":"Error in reading all users","timestamp":"05-05-2023 16:15:49"}
{"label":"winston custom format","level":"error","message":"Error in reading all users","timestamp":"05-05-2023 16:16:13"}
{"label":"winston custom format","level":"error","message":"Error in reading all users","timestamp":"05-05-2023 16:16:38"}
{"label":"winston custom format","level":"error","message":"Error in reading all users","timestamp":"05-05-2023 16:16:41"}
{"label":"winston custom format","level":"error","message":"Error in reading all users","timestamp":"05-05-2023 16:16:59"}
{"label":"winston custom format","level":"error","message":"Error in reading all users","timestamp":"05-05-2023 16:17:31"}
{"label":"winston custom format","level":"error","message":"Error in reading all users","timestamp":"05-05-2023 16:26:37"}
{"label":"winston custom format","level":"error","message":"Error in reading all users","timestamp":"05-05-2023 16:26:40"}
{"label":"winston custom format","level":"error","message":"Error in reading all users","timestamp":"05-05-2023 16:26:42"}
{"label":"winston custom format","level":"error","message":"Error in reading all users","timestamp":"05-05-2023 16:26:45"}
{"label":"winston custom format","level":"error","message":"Error in reading all users","timestamp":"05-05-2023 16:28:25"}
{"label":"winston custom format","level":"error","message":"Error in reading all users","timestamp":"05-05-2023 16:28:56"}
{"label":"winston custom format","level":"error","message":"Error in reading all users","timestamp":"05-05-2023 16:28:59"}
{"label":"winston custom format","level":"error","message":"Error in reading all users","timestamp":"05-05-2023 16:29:03"}
{"label":"winston custom format","level":"error","message":"Error in reading all users","timestamp":"05-05-2023 16:39:42"}
{"label":"winston custom format","level":"error","message":"Error in reading all users","timestamp":"05-05-2023 16:40:03"}
{"label":"winston custom format","level":"error","message":"Error in reading all users","timestamp":"05-05-2023 16:45:22"}
{"label":"winston custom format","level":"error","message":"Error in reading all users","timestamp":"05-05-2023 16:46:18"}
{"label":"winston custom format","level":"error","message":"Error in reading all users","timestamp":"05-05-2023 16:46:28"}
{"label":"winston custom format","level":"error","message":"Error in reading all users","timestamp":"05-05-2023 16:46:52"}
{"label":"winston custom format","level":"error","message":"Error in reading all users","timestamp":"05-05-2023 16:47:12"}
{"label":"winston custom format","level":"error","message":"Error in reading all users","timestamp":"05-05-2023 16:47:50"}
{"label":"winston custom format","level":"error","message":"Error in reading all users","timestamp":"05-05-2023 16:48:00"}
{"label":"winston custom format","level":"error","message":"Error in reading all users","timestamp":"05-05-2023 16:49:01"}
{"label":"winston custom format","level":"error","message":"Error in reading all users","timestamp":"05-05-2023 16:49:11"}
{"label":"winston custom format","level":"error","message":"Error in reading all users","timestamp":"05-05-2023 16:49:54"}
{"label":"winston custom format","level":"error","message":"Error in reading all users","timestamp":"05-05-2023 16:50:45"}
{"label":"winston custom format","level":"error","message":"Error in reading all users","timestamp":"05-05-2023 16:52:49"}
{"label":"winston custom format","level":"error","message":"Error in reading all users","timestamp":"05-05-2023 16:53:35"}
{"label":"winston custom format","level":"error","message":"Error in reading all users","timestamp":"08-05-2023 13:36:36"}
{"label":"winston custom format","level":"error","message":"Error in reading all users","timestamp":"08-05-2023 13:37:01"}
{"label":"winston custom format","level":"error","message":"Error in reading all users","timestamp":"08-05-2023 13:37:24"}
{"label":"winston custom format","level":"error","message":"Error in reading all users","timestamp":"08-05-2023 23:18:54"}
{"label":"winston custom format","level":"error","message":"Error in reading all users","timestamp":"08-05-2023 23:19:37"}
