{
  '0': {
    _id: new ObjectId("63e6701f3010dd71436cb511"),
    username: 'user3',
    password: '12345',
    name: 'Frank',
    surname: 'Zappa',
    email: 'user3@aueb.gr',
    address: { area: 'area3', road: 'road4' },
    phone: [
      { type: 'home', number: '2104444444' },
      { type: 'mobile', number: '6934444444' }
    ],
    products: [
      {
        product: 'product 1',
        quantity: 10,
        cost: 10,
        date: 2022-12-11T22:00:00.000Z
      },
      {
        product: 'product 3',
        quantity: 3,
        cost: 30,
        date: 2022-12-11T22:00:00.000Z
      },
      {
        product: 'product 4',
        quantity: 4,
        cost: 40,
        date: 2022-12-11T22:00:00.000Z
      }
    ]
  },
  '1': {
    _id: new ObjectId("63e6701f3010dd71436cb50e"),
    username: 'admin',
    password: '12345',
    name: 'Bob',
    surname: 'Dylan',
    email: 'admin1@aueb.gr',
    address: { area: 'area1', road: 'road1' },
    phone: [
      { type: 'home', number: '2101111111' },
      { type: 'mobile', number: '6931111111' }
    ],
    products: [
      {
        product: 'product 1',
        quantity: 2,
        cost: 10,
        date: 2022-12-01T00:00:00.000Z
      },
      {
        product: 'product 1',
        quantity: 3,
        cost: 10,
        date: 2022-05-11T21:00:00.000Z
      }
    ]
  },
  '2': {
    _id: new ObjectId("63e6701f3010dd71436cb510"),
    username: 'user2',
    password: '12345',
    name: 'George',
    surname: 'Harison',
    email: 'user2@aueb.gr',
    address: { area: 'area1', road: 'road3' },
    phone: [
      { type: 'home', number: '2103333333' },
      { type: 'mobile', number: '6933333333' }
    ],
    products: [
      {
        product: 'product 2',
        quantity: 10,
        cost: 20,
        date: 2022-10-11T21:00:00.000Z
      },
      {
        product: 'product 2',
        quantity: 3,
        cost: 20,
        date: 2023-03-20T20:02:20.678Z
      },
      {
        product: 'product 5',
        quantity: 20,
        cost: 50,
        date: 2022-10-11T21:00:00.000Z
      }
    ]
  },
  '3': {
    _id: new ObjectId("63e6701f3010dd71436cb513"),
    username: 'user5',
    password: '12345',
    name: 'Paul',
    surname: 'McCartney',
    email: 'user5@aueb.gr',
    address: { area: 'area1', road: 'road1' },
    phone: [
      { type: 'home', number: '2106666666' },
      { type: 'mobile', number: '6936666666' }
    ],
    products: [
      {
        product: 'product 3',
        quantity: 10,
        cost: 30,
        date: 2023-03-20T20:02:20.680Z
      },
      {
        product: 'product 4',
        quantity: 3,
        cost: 40,
        date: 2023-03-20T20:02:20.680Z
      }
    ]
  },
  '4': {
    _id: new ObjectId("63e6701f3010dd71436cb512"),
    username: 'user4',
    password: '12345',
    name: 'David',
    surname: 'Bowie',
    email: 'user4@aueb.gr',
    address: { area: 'area2', road: 'road1' },
    phone: [
      { type: 'home', number: '2105555555' },
      { type: 'mobile', number: '6935555555' }
    ],
    products: [
      {
        product: 'product 3',
        quantity: 10,
        cost: 30,
        date: 2023-03-20T20:02:20.681Z
      },
      {
        product: 'product 4',
        quantity: 3,
        cost: 40,
        date: 2023-03-20T20:02:20.681Z
      }
    ]
  },
  '5': {
    _id: new ObjectId("63e6701f3010dd71436cb50f"),
    username: 'user1',
    password: '12345',
    name: 'Elvis',
    surname: 'Presley',
    email: 'user1@aueb.gr',
    address: { area: 'area2', road: 'road2' },
    phone: [
      { type: 'home', number: '2102222222' },
      { type: 'mobile', number: '6932222222' }
    ],
    products: [
      {
        product: 'product 1',
        quantity: 2,
        cost: 10,
        date: 2022-01-11T22:00:00.000Z
      },
      {
        product: 'product 2',
        quantity: 3,
        cost: 20,
        date: 2022-05-11T21:00:00.000Z
      },
      {
        product: 'product 4',
        quantity: 10,
        cost: 40,
        date: 2022-10-11T21:00:00.000Z
      }
    ],
    updatedAt: 2023-03-12T15:52:24.699Z
  },
  '6': {
    _id: new ObjectId("64023fdfdc5259772ef98851"),
    username: 'user8',
    password: '12345',
    name: 'Lakis Lakis',
    surname: 'Lalakis Lalakis dddddddd',
    email: 'user@aueb.gr',
    phone: [ { type: 'home', number: '2109999999' } ],
    products: [ { date: 2023-03-03T18:43:43.384Z } ],
    createdAt: 2023-03-03T18:43:43.446Z,
    updatedAt: 2023-03-06T10:53:33.325Z,
    __v: 0
  },
  '7': {
    _id: new ObjectId("64023ffedc5259772ef98856"),
    username: 'user9',
    password: '12345',
    name: 'Lakis',
    surname: 'Lalakis',
    email: 'user9@aueb.gr',
    phone: [],
    products: [],
    createdAt: 2023-03-03T18:44:14.779Z,
    updatedAt: 2023-03-03T18:44:14.779Z,
    __v: 0
  },
  '8': {
    _id: new ObjectId("64183aed54be380592040bca"),
    username: 'lalakis2',
    password: '1234567',
    name: 'lakis2',
    surname: 'lalakis2',
    email: 'lakis2@aueb.gr',
    phone: [ { type: 'home', number: '2123333333' } ],
    products: [],
    createdAt: 2023-03-20T10:52:31.100Z,
    updatedAt: 2023-03-20T10:52:31.100Z,
    __v: 0
  },
  '9': {
    _id: new ObjectId("64183f7beee35028f0edcddf"),
    username: 'pantelis3',
    password: '2345678',
    name: 'pantelis',
    surname: 'hatz',
    email: 'pant@aueb.gr',
    phone: [ { type: 'home', number: '2134567890' } ],
    products: [],
    createdAt: 2023-03-20T11:11:56.745Z,
    updatedAt: 2023-03-20T11:11:56.745Z,
    __v: 0
  },
  '10': {
    _id: new ObjectId("6418418d4ed48812b52b5f77"),
    username: 'pantelis5',
    password: '123456789',
    name: 'pantelis',
    surname: 'hatzii',
    email: 'pantel@aueb.gr',
    phone: [ { type: 'home', number: '2134567123' } ],
    products: [],
    createdAt: 2023-03-20T11:20:46.819Z,
    updatedAt: 2023-03-20T11:20:46.819Z,
    __v: 0
  },
  '11': {
    _id: new ObjectId("641842f151032b4b5b94bff8"),
    username: 'pantelis8',
    password: '3456128',
    name: 'pantelis8',
    surname: 'hatz8',
    email: 'xapa@aueb.gr',
    address: { area: 'filola', road: 'area67' },
    phone: [ { type: 'home', number: '2145678923' } ],
    products: [],
    createdAt: 2023-03-20T11:26:43.020Z,
    updatedAt: 2023-03-20T11:26:43.020Z,
    __v: 0
  },
  level: 'info',
  message: 'Success in reading all users',
  label: 'winston custom format',
  timestamp: '20-03-2023 22:02:20'
}
{
  message: 'Warn in reading all users',
  level: 'warn',
  label: 'winston custom format',
  timestamp: '20-03-2023 22:02:20'
}
{
  message: 'Error in reading all users',
  level: 'error',
  label: 'winston custom format',
  timestamp: '20-03-2023 22:02:20'
}
{
  message: 'Debug in reading all users',
  level: 'debug',
  label: 'winston custom format',
  timestamp: '20-03-2023 22:02:20'
}
{
  '0': {
    _id: new ObjectId("63e6701f3010dd71436cb511"),
    username: 'user3',
    password: '12345',
    name: 'Frank',
    surname: 'Zappa',
    email: 'user3@aueb.gr',
    address: { area: 'area3', road: 'road4' },
    phone: [
      { type: 'home', number: '2104444444' },
      { type: 'mobile', number: '6934444444' }
    ],
    products: [
      {
        product: 'product 1',
        quantity: 10,
        cost: 10,
        date: 2022-12-11T22:00:00.000Z
      },
      {
        product: 'product 3',
        quantity: 3,
        cost: 30,
        date: 2022-12-11T22:00:00.000Z
      },
      {
        product: 'product 4',
        quantity: 4,
        cost: 40,
        date: 2022-12-11T22:00:00.000Z
      }
    ]
  },
  '1': {
    _id: new ObjectId("63e6701f3010dd71436cb50e"),
    username: 'admin',
    password: '12345',
    name: 'Bob',
    surname: 'Dylan',
    email: 'admin1@aueb.gr',
    address: { area: 'area1', road: 'road1' },
    phone: [
      { type: 'home', number: '2101111111' },
      { type: 'mobile', number: '6931111111' }
    ],
    products: [
      {
        product: 'product 1',
        quantity: 2,
        cost: 10,
        date: 2022-12-01T00:00:00.000Z
      },
      {
        product: 'product 1',
        quantity: 3,
        cost: 10,
        date: 2022-05-11T21:00:00.000Z
      }
    ]
  },
  '2': {
    _id: new ObjectId("63e6701f3010dd71436cb510"),
    username: 'user2',
    password: '12345',
    name: 'George',
    surname: 'Harison',
    email: 'user2@aueb.gr',
    address: { area: 'area1', road: 'road3' },
    phone: [
      { type: 'home', number: '2103333333' },
      { type: 'mobile', number: '6933333333' }
    ],
    products: [
      {
        product: 'product 2',
        quantity: 10,
        cost: 20,
        date: 2022-10-11T21:00:00.000Z
      },
      {
        product: 'product 2',
        quantity: 3,
        cost: 20,
        date: 2023-03-22T16:40:00.637Z
      },
      {
        product: 'product 5',
        quantity: 20,
        cost: 50,
        date: 2022-10-11T21:00:00.000Z
      }
    ]
  },
  '3': {
    _id: new ObjectId("63e6701f3010dd71436cb513"),
    username: 'user5',
    password: '12345',
    name: 'Paul',
    surname: 'McCartney',
    email: 'user5@aueb.gr',
    address: { area: 'area1', road: 'road1' },
    phone: [
      { type: 'home', number: '2106666666' },
      { type: 'mobile', number: '6936666666' }
    ],
    products: [
      {
        product: 'product 3',
        quantity: 10,
        cost: 30,
        date: 2023-03-22T16:40:00.640Z
      },
      {
        product: 'product 4',
        quantity: 3,
        cost: 40,
        date: 2023-03-22T16:40:00.640Z
      }
    ]
  },
  '4': {
    _id: new ObjectId("63e6701f3010dd71436cb512"),
    username: 'user4',
    password: '12345',
    name: 'David',
    surname: 'Bowie',
    email: 'user4@aueb.gr',
    address: { area: 'area2', road: 'road1' },
    phone: [
      { type: 'home', number: '2105555555' },
      { type: 'mobile', number: '6935555555' }
    ],
    products: [
      {
        product: 'product 3',
        quantity: 10,
        cost: 30,
        date: 2023-03-22T16:40:00.642Z
      },
      {
        product: 'product 4',
        quantity: 3,
        cost: 40,
        date: 2023-03-22T16:40:00.642Z
      }
    ]
  },
  '5': {
    _id: new ObjectId("63e6701f3010dd71436cb50f"),
    username: 'user1',
    password: '12345',
    name: 'Elvis',
    surname: 'Presley',
    email: 'user1@aueb.gr',
    address: { area: 'area2', road: 'road2' },
    phone: [
      { type: 'home', number: '2102222222' },
      { type: 'mobile', number: '6932222222' }
    ],
    products: [
      {
        product: 'product 1',
        quantity: 2,
        cost: 10,
        date: 2022-01-11T22:00:00.000Z
      },
      {
        product: 'product 2',
        quantity: 3,
        cost: 20,
        date: 2022-05-11T21:00:00.000Z
      },
      {
        product: 'product 4',
        quantity: 10,
        cost: 40,
        date: 2022-10-11T21:00:00.000Z
      }
    ],
    updatedAt: 2023-03-12T15:52:24.699Z
  },
  '6': {
    _id: new ObjectId("64023fdfdc5259772ef98851"),
    username: 'user8',
    password: '12345',
    name: 'Lakis Lakis',
    surname: 'Lalakis Lalakis dddddddd',
    email: 'user@aueb.gr',
    phone: [ { type: 'home', number: '2109999999' } ],
    products: [ { date: 2023-03-03T18:43:43.384Z } ],
    createdAt: 2023-03-03T18:43:43.446Z,
    updatedAt: 2023-03-06T10:53:33.325Z,
    __v: 0
  },
  '7': {
    _id: new ObjectId("64023ffedc5259772ef98856"),
    username: 'user9',
    password: '12345',
    name: 'Lakis',
    surname: 'Lalakis',
    email: 'user9@aueb.gr',
    phone: [],
    products: [],
    createdAt: 2023-03-03T18:44:14.779Z,
    updatedAt: 2023-03-03T18:44:14.779Z,
    __v: 0
  },
  '8': {
    _id: new ObjectId("64183aed54be380592040bca"),
    username: 'lalakis2',
    password: '1234567',
    name: 'lakis2',
    surname: 'lalakis2',
    email: 'lakis2@aueb.gr',
    phone: [ { type: 'home', number: '2123333333' } ],
    products: [],
    createdAt: 2023-03-20T10:52:31.100Z,
    updatedAt: 2023-03-20T10:52:31.100Z,
    __v: 0
  },
  '9': {
    _id: new ObjectId("64183f7beee35028f0edcddf"),
    username: 'pantelis3',
    password: '2345678',
    name: 'pantelis',
    surname: 'hatz',
    email: 'pant@aueb.gr',
    phone: [ { type: 'home', number: '2134567890' } ],
    products: [],
    createdAt: 2023-03-20T11:11:56.745Z,
    updatedAt: 2023-03-20T11:11:56.745Z,
    __v: 0
  },
  '10': {
    _id: new ObjectId("6418418d4ed48812b52b5f77"),
    username: 'pantelis5',
    password: '123456789',
    name: 'pantelis',
    surname: 'hatzii',
    email: 'pantel@aueb.gr',
    phone: [ { type: 'home', number: '2134567123' } ],
    products: [],
    createdAt: 2023-03-20T11:20:46.819Z,
    updatedAt: 2023-03-20T11:20:46.819Z,
    __v: 0
  },
  '11': {
    _id: new ObjectId("641842f151032b4b5b94bff8"),
    username: 'pantelis8',
    password: '3456128',
    name: 'pantelis8',
    surname: 'hatz8',
    email: 'xapa@aueb.gr',
    address: { area: 'filola', road: 'area67' },
    phone: [ { type: 'home', number: '2145678923' } ],
    products: [],
    createdAt: 2023-03-20T11:26:43.020Z,
    updatedAt: 2023-03-20T11:26:43.020Z,
    __v: 0
  },
  level: 'info',
  message: 'Success in reading all users',
  label: 'winston custom format',
  timestamp: '22-03-2023 18:40:00'
}
{
  message: 'Warn in reading all users',
  level: 'warn',
  label: 'winston custom format',
  timestamp: '22-03-2023 18:40:00'
}
{
  message: 'Error in reading all users',
  level: 'error',
  label: 'winston custom format',
  timestamp: '22-03-2023 18:40:00'
}
{
  message: 'Debug in reading all users',
  level: 'debug',
  label: 'winston custom format',
  timestamp: '22-03-2023 18:40:00'
}
